{"/home/travis/build/npmtest/node-npmtest-archiver/test.js":{"path":"/home/travis/build/npmtest/node-npmtest-archiver/test.js","s":{"1":2,"2":2,"3":2,"4":2,"5":2,"6":2,"7":2,"8":1,"9":2,"10":2,"11":1,"12":1,"13":1,"14":1,"15":2,"16":2,"17":2,"18":2,"19":1,"20":1,"21":2,"22":2,"23":2,"24":1,"25":1,"26":1,"27":1,"28":1,"29":1,"30":1,"31":1,"32":1,"33":1,"34":1,"35":1,"36":1,"37":1,"38":1,"39":2,"40":2,"41":1,"42":2,"43":2,"44":1,"45":2,"46":2,"47":1,"48":2,"49":2,"50":1,"51":1,"52":1,"53":1,"54":1},"b":{"1":[2,1,1,1],"2":[1,1,1,1],"3":[1,1],"4":[1,1],"5":[1,1],"6":[1,1],"7":[1,1],"8":[1,1],"9":[1,1],"10":[1,1,1],"11":[1,1],"12":[1,1],"13":[1,1],"14":[1,1],"15":[1,1],"16":[1,1],"17":[1,1]},"f":{"1":2,"2":2,"3":2,"4":2,"5":2,"6":1,"7":1,"8":1,"9":2,"10":2,"11":2,"12":2,"13":1},"fnMap":{"1":{"name":"(anonymous_1)","line":12,"loc":{"start":{"line":12,"column":1},"end":{"line":12,"column":13}}},"2":{"name":"(anonymous_2)","line":19,"loc":{"start":{"line":19,"column":5},"end":{"line":19,"column":17}}},"3":{"name":"(anonymous_3)","line":23,"loc":{"start":{"line":23,"column":24},"end":{"line":23,"column":36}}},"4":{"name":"(anonymous_4)","line":61,"loc":{"start":{"line":61,"column":5},"end":{"line":61,"column":17}}},"5":{"name":"(anonymous_5)","line":82,"loc":{"start":{"line":82,"column":5},"end":{"line":82,"column":17}}},"6":{"name":"(anonymous_6)","line":91,"loc":{"start":{"line":91,"column":77},"end":{"line":94,"column":10}}},"7":{"name":"(anonymous_7)","line":112,"loc":{"start":{"line":112,"column":83},"end":{"line":115,"column":10}},"skip":true},"8":{"name":"(anonymous_8)","line":123,"loc":{"start":{"line":123,"column":77},"end":{"line":126,"column":10}},"skip":true},"9":{"name":"(anonymous_9)","line":139,"loc":{"start":{"line":139,"column":12},"end":{"line":139,"column":40}},"skip":true},"10":{"name":"(anonymous_10)","line":147,"loc":{"start":{"line":147,"column":77},"end":{"line":150,"column":10}},"skip":true},"11":{"name":"(anonymous_11)","line":158,"loc":{"start":{"line":158,"column":83},"end":{"line":161,"column":10}},"skip":true},"12":{"name":"(anonymous_12)","line":169,"loc":{"start":{"line":169,"column":79},"end":{"line":172,"column":10}},"skip":true},"13":{"name":"(anonymous_13)","line":180,"loc":{"start":{"line":180,"column":75},"end":{"line":183,"column":10}},"skip":true}},"statementMap":{"1":{"start":{"line":12,"column":0},"end":{"line":195,"column":5}},"2":{"start":{"line":14,"column":4},"end":{"line":14,"column":14}},"3":{"start":{"line":19,"column":4},"end":{"line":56,"column":9}},"4":{"start":{"line":21,"column":8},"end":{"line":21,"column":19}},"5":{"start":{"line":23,"column":8},"end":{"line":35,"column":13}},"6":{"start":{"line":24,"column":12},"end":{"line":34,"column":13}},"7":{"start":{"line":25,"column":16},"end":{"line":28,"column":30}},"8":{"start":{"line":30,"column":16},"end":{"line":33,"column":27}},"9":{"start":{"line":37,"column":8},"end":{"line":39,"column":21}},"10":{"start":{"line":40,"column":8},"end":{"line":53,"column":9}},"11":{"start":{"line":43,"column":12},"end":{"line":46,"column":14}},"12":{"start":{"line":47,"column":12},"end":{"line":47,"column":18}},"13":{"start":{"line":50,"column":12},"end":{"line":51,"column":46}},"14":{"start":{"line":52,"column":12},"end":{"line":52,"column":18}},"15":{"start":{"line":55,"column":8},"end":{"line":55,"column":35}},"16":{"start":{"line":61,"column":4},"end":{"line":63,"column":9}},"17":{"start":{"line":62,"column":8},"end":{"line":62,"column":15}},"18":{"start":{"line":64,"column":4},"end":{"line":77,"column":5}},"19":{"start":{"line":70,"column":8},"end":{"line":70,"column":14}},"20":{"start":{"line":76,"column":8},"end":{"line":76,"column":14}},"21":{"start":{"line":82,"column":4},"end":{"line":84,"column":9}},"22":{"start":{"line":83,"column":8},"end":{"line":83,"column":15}},"23":{"start":{"line":85,"column":4},"end":{"line":194,"column":5}},"24":{"start":{"line":91,"column":8},"end":{"line":99,"column":10}},"25":{"start":{"line":98,"column":12},"end":{"line":98,"column":35}},"26":{"start":{"line":102,"column":8},"end":{"line":104,"column":63}},"27":{"start":{"line":105,"column":8},"end":{"line":105,"column":14}},"28":{"start":{"line":112,"column":8},"end":{"line":121,"column":10},"skip":true},"29":{"start":{"line":119,"column":12},"end":{"line":119,"column":55},"skip":true},"30":{"start":{"line":120,"column":12},"end":{"line":120,"column":48},"skip":true},"31":{"start":{"line":123,"column":8},"end":{"line":136,"column":10},"skip":true},"32":{"start":{"line":130,"column":12},"end":{"line":130,"column":76},"skip":true},"33":{"start":{"line":131,"column":12},"end":{"line":131,"column":73},"skip":true},"34":{"start":{"line":132,"column":12},"end":{"line":132,"column":74},"skip":true},"35":{"start":{"line":133,"column":12},"end":{"line":133,"column":79},"skip":true},"36":{"start":{"line":134,"column":12},"end":{"line":134,"column":25},"skip":true},"37":{"start":{"line":135,"column":12},"end":{"line":135,"column":45},"skip":true},"38":{"start":{"line":138,"column":8},"end":{"line":145,"column":14},"skip":true},"39":{"start":{"line":143,"column":16},"end":{"line":143,"column":29},"skip":true},"40":{"start":{"line":144,"column":16},"end":{"line":144,"column":55},"skip":true},"41":{"start":{"line":147,"column":8},"end":{"line":156,"column":10},"skip":true},"42":{"start":{"line":154,"column":12},"end":{"line":154,"column":25},"skip":true},"43":{"start":{"line":155,"column":12},"end":{"line":155,"column":45},"skip":true},"44":{"start":{"line":158,"column":8},"end":{"line":167,"column":10},"skip":true},"45":{"start":{"line":165,"column":12},"end":{"line":165,"column":25},"skip":true},"46":{"start":{"line":166,"column":12},"end":{"line":166,"column":48},"skip":true},"47":{"start":{"line":169,"column":8},"end":{"line":178,"column":10},"skip":true},"48":{"start":{"line":176,"column":12},"end":{"line":176,"column":25},"skip":true},"49":{"start":{"line":177,"column":12},"end":{"line":177,"column":46},"skip":true},"50":{"start":{"line":180,"column":8},"end":{"line":189,"column":10},"skip":true},"51":{"start":{"line":187,"column":12},"end":{"line":187,"column":94},"skip":true},"52":{"start":{"line":188,"column":12},"end":{"line":188,"column":48},"skip":true},"53":{"start":{"line":192,"column":8},"end":{"line":192,"column":35},"skip":true},"54":{"start":{"line":193,"column":8},"end":{"line":193,"column":14},"skip":true}},"branchMap":{"1":{"line":25,"type":"binary-expr","locations":[{"start":{"line":25,"column":23},"end":{"line":25,"column":62}},{"start":{"line":26,"column":20},"end":{"line":26,"column":70}},{"start":{"line":27,"column":20},"end":{"line":27,"column":71}},{"start":{"line":28,"column":20},"end":{"line":28,"column":29}}]},"2":{"line":30,"type":"binary-expr","locations":[{"start":{"line":30,"column":23},"end":{"line":30,"column":37}},{"start":{"line":31,"column":20},"end":{"line":31,"column":61}},{"start":{"line":32,"column":20},"end":{"line":32,"column":70}},{"start":{"line":33,"column":20},"end":{"line":33,"column":26}}]},"3":{"line":37,"type":"cond-expr","locations":[{"start":{"line":38,"column":14},"end":{"line":38,"column":20}},{"start":{"line":39,"column":14},"end":{"line":39,"column":20}}]},"4":{"line":40,"type":"switch","locations":[{"start":{"line":42,"column":8},"end":{"line":47,"column":18}},{"start":{"line":49,"column":8},"end":{"line":52,"column":18}}]},"5":{"line":44,"type":"binary-expr","locations":[{"start":{"line":44,"column":16},"end":{"line":44,"column":44}},{"start":{"line":44,"column":48},"end":{"line":44,"column":66}}]},"6":{"line":50,"type":"binary-expr","locations":[{"start":{"line":50,"column":21},"end":{"line":50,"column":49}},{"start":{"line":50,"column":53},"end":{"line":50,"column":72}}]},"7":{"line":64,"type":"switch","locations":[{"start":{"line":69,"column":4},"end":{"line":70,"column":14}},{"start":{"line":75,"column":4},"end":{"line":76,"column":14}}]},"8":{"line":85,"type":"switch","locations":[{"start":{"line":90,"column":4},"end":{"line":105,"column":14}},{"start":{"line":111,"column":4},"end":{"line":193,"column":14},"skip":true}]},"9":{"line":91,"type":"binary-expr","locations":[{"start":{"line":91,"column":42},"end":{"line":91,"column":73}},{"start":{"line":91,"column":77},"end":{"line":99,"column":9}}]},"10":{"line":102,"type":"binary-expr","locations":[{"start":{"line":102,"column":18},"end":{"line":102,"column":32}},{"start":{"line":103,"column":12},"end":{"line":103,"column":53}},{"start":{"line":104,"column":12},"end":{"line":104,"column":61}}]},"11":{"line":112,"type":"binary-expr","locations":[{"start":{"line":112,"column":45},"end":{"line":112,"column":79},"skip":true},{"start":{"line":112,"column":83},"end":{"line":121,"column":9},"skip":true}]},"12":{"line":123,"type":"binary-expr","locations":[{"start":{"line":123,"column":42},"end":{"line":123,"column":73},"skip":true},{"start":{"line":123,"column":77},"end":{"line":136,"column":9},"skip":true}]},"13":{"line":138,"type":"binary-expr","locations":[{"start":{"line":138,"column":48},"end":{"line":138,"column":85},"skip":true},{"start":{"line":139,"column":12},"end":{"line":145,"column":13},"skip":true}]},"14":{"line":147,"type":"binary-expr","locations":[{"start":{"line":147,"column":42},"end":{"line":147,"column":73},"skip":true},{"start":{"line":147,"column":77},"end":{"line":156,"column":9},"skip":true}]},"15":{"line":158,"type":"binary-expr","locations":[{"start":{"line":158,"column":45},"end":{"line":158,"column":79},"skip":true},{"start":{"line":158,"column":83},"end":{"line":167,"column":9},"skip":true}]},"16":{"line":169,"type":"binary-expr","locations":[{"start":{"line":169,"column":43},"end":{"line":169,"column":75},"skip":true},{"start":{"line":169,"column":79},"end":{"line":178,"column":9},"skip":true}]},"17":{"line":180,"type":"binary-expr","locations":[{"start":{"line":180,"column":41},"end":{"line":180,"column":71},"skip":true},{"start":{"line":180,"column":75},"end":{"line":189,"column":9},"skip":true}]}},"code":["/* istanbul instrument in package npmtest_archiver */","/*jslint","    bitwise: true,","    browser: true,","    maxerr: 8,","    maxlen: 96,","    node: true,","    nomen: true,","    regexp: true,","    stupid: true","*/","(function () {","    'use strict';","    var local;","","","","    // run shared js-env code - pre-init","    (function () {","        // init local","        local = {};","        // init modeJs","        local.modeJs = (function () {","            try {","                return typeof navigator.userAgent === 'string' &&","                    typeof document.querySelector('body') === 'object' &&","                    typeof XMLHttpRequest.prototype.open === 'function' &&","                    'browser';","            } catch (errorCaughtBrowser) {","                return module.exports &&","                    typeof process.versions.node === 'string' &&","                    typeof require('http').createServer === 'function' &&","                    'node';","            }","        }());","        // init global","        local.global = local.modeJs === 'browser'","            ? window","            : global;","        switch (local.modeJs) {","        // re-init local from window.local","        case 'browser':","            local = local.global.utility2.objectSetDefault(","                local.global.utility2_rollup || local.global.local,","                local.global.utility2","            );","            break;","        // re-init local from example.js","        case 'node':","            local = (local.global.utility2_rollup || require('utility2'))","                .requireExampleJsFromReadme();","            break;","        }","        // export local","        local.global.local = local;","    }());","","","","    // run shared js-env code - function","    (function () {","        return;","    }());","    switch (local.modeJs) {","","","","    // run browser js-env code - function","    case 'browser':","        break;","","","","    // run node js-env code - function","    case 'node':","        break;","    }","","","","    // run shared js-env code - post-init","    (function () {","        return;","    }());","    switch (local.modeJs) {","","","","    // run browser js-env code - post-init","    case 'browser':","        local.testCase_browser_nullCase = local.testCase_browser_nullCase || function (","            options,","            onError","        ) {","        /*","         * this function will test browsers's null-case handling-behavior-behavior","         */","            onError(null, options);","        };","","        // run tests","        local.nop(local.modeTest &&","            document.querySelector('#testRunButton1') &&","            document.querySelector('#testRunButton1').click());","        break;","","","","    // run node js-env code - post-init","    /* istanbul ignore next */","    case 'node':","        local.testCase_buildApidoc_default = local.testCase_buildApidoc_default || function (","            options,","            onError","        ) {","        /*","         * this function will test buildApidoc's default handling-behavior-behavior","         */","            options = { modulePathList: module.paths };","            local.buildApidoc(options, onError);","        };","","        local.testCase_buildApp_default = local.testCase_buildApp_default || function (","            options,","            onError","        ) {","        /*","         * this function will test buildApp's default handling-behavior-behavior","         */","            local.testCase_buildReadme_default(options, local.onErrorThrow);","            local.testCase_buildLib_default(options, local.onErrorThrow);","            local.testCase_buildTest_default(options, local.onErrorThrow);","            local.testCase_buildCustomOrg_default(options, local.onErrorThrow);","            options = [];","            local.buildApp(options, onError);","        };","","        local.testCase_buildCustomOrg_default = local.testCase_buildCustomOrg_default ||","            function (options, onError) {","            /*","             * this function will test buildCustomOrg's default handling-behavior","             */","                options = {};","                local.buildCustomOrg(options, onError);","            };","","        local.testCase_buildLib_default = local.testCase_buildLib_default || function (","            options,","            onError","        ) {","        /*","         * this function will test buildLib's default handling-behavior","         */","            options = {};","            local.buildLib(options, onError);","        };","","        local.testCase_buildReadme_default = local.testCase_buildReadme_default || function (","            options,","            onError","        ) {","        /*","         * this function will test buildReadme's default handling-behavior-behavior","         */","            options = {};","            local.buildReadme(options, onError);","        };","","        local.testCase_buildTest_default = local.testCase_buildTest_default || function (","            options,","            onError","        ) {","        /*","         * this function will test buildTest's default handling-behavior","         */","            options = {};","            local.buildTest(options, onError);","        };","","        local.testCase_webpage_default = local.testCase_webpage_default || function (","            options,","            onError","        ) {","        /*","         * this function will test webpage's default handling-behavior","         */","            options = { modeCoverageMerge: true, url: local.serverLocalHost + '?modeTest=1' };","            local.browserTest(options, onError);","        };","","        // run test-server","        local.testRunServer(local);","        break;","    }","}());",""],"l":{"12":2,"14":2,"19":2,"21":2,"23":2,"24":2,"25":2,"30":1,"37":2,"40":2,"43":1,"47":1,"50":1,"52":1,"55":2,"61":2,"62":2,"64":2,"70":1,"76":1,"82":2,"83":2,"85":2,"91":1,"98":1,"102":1,"105":1,"112":1,"119":1,"120":1,"123":1,"130":1,"131":1,"132":1,"133":1,"134":1,"135":1,"138":1,"143":2,"144":2,"147":1,"154":2,"155":2,"158":1,"165":2,"166":2,"169":1,"176":2,"177":2,"180":1,"187":1,"188":1,"192":1,"193":1}},"/home/travis/build/npmtest/node-npmtest-archiver/lib.npmtest_archiver.js":{"path":"/home/travis/build/npmtest/node-npmtest-archiver/lib.npmtest_archiver.js","s":{"1":2,"2":2,"3":2,"4":2,"5":2,"6":2,"7":2,"8":1,"9":2,"10":2,"11":2,"12":2,"13":1,"14":1,"15":1,"16":1},"b":{"1":[2,1,1,1],"2":[1,1,1,1],"3":[1,1],"4":[2,2],"5":[1,1]},"f":{"1":2,"2":2,"3":2},"fnMap":{"1":{"name":"(anonymous_1)","line":12,"loc":{"start":{"line":12,"column":1},"end":{"line":12,"column":13}}},"2":{"name":"(anonymous_2)","line":19,"loc":{"start":{"line":19,"column":5},"end":{"line":19,"column":17}}},"3":{"name":"(anonymous_3)","line":23,"loc":{"start":{"line":23,"column":24},"end":{"line":23,"column":36}}}},"statementMap":{"1":{"start":{"line":12,"column":0},"end":{"line":53,"column":5}},"2":{"start":{"line":14,"column":4},"end":{"line":14,"column":14}},"3":{"start":{"line":19,"column":4},"end":{"line":52,"column":9}},"4":{"start":{"line":21,"column":8},"end":{"line":21,"column":19}},"5":{"start":{"line":23,"column":8},"end":{"line":35,"column":13}},"6":{"start":{"line":24,"column":12},"end":{"line":34,"column":13}},"7":{"start":{"line":25,"column":16},"end":{"line":28,"column":30}},"8":{"start":{"line":30,"column":16},"end":{"line":33,"column":27}},"9":{"start":{"line":37,"column":8},"end":{"line":39,"column":21}},"10":{"start":{"line":41,"column":8},"end":{"line":41,"column":54}},"11":{"start":{"line":43,"column":8},"end":{"line":43,"column":53}},"12":{"start":{"line":45,"column":8},"end":{"line":51,"column":9}},"13":{"start":{"line":46,"column":12},"end":{"line":46,"column":59}},"14":{"start":{"line":48,"column":12},"end":{"line":48,"column":35}},"15":{"start":{"line":49,"column":12},"end":{"line":49,"column":49}},"16":{"start":{"line":50,"column":12},"end":{"line":50,"column":43}}},"branchMap":{"1":{"line":25,"type":"binary-expr","locations":[{"start":{"line":25,"column":23},"end":{"line":25,"column":62}},{"start":{"line":26,"column":20},"end":{"line":26,"column":70}},{"start":{"line":27,"column":20},"end":{"line":27,"column":71}},{"start":{"line":28,"column":20},"end":{"line":28,"column":29}}]},"2":{"line":30,"type":"binary-expr","locations":[{"start":{"line":30,"column":23},"end":{"line":30,"column":37}},{"start":{"line":31,"column":20},"end":{"line":31,"column":61}},{"start":{"line":32,"column":20},"end":{"line":32,"column":70}},{"start":{"line":33,"column":20},"end":{"line":33,"column":26}}]},"3":{"line":37,"type":"cond-expr","locations":[{"start":{"line":38,"column":14},"end":{"line":38,"column":20}},{"start":{"line":39,"column":14},"end":{"line":39,"column":20}}]},"4":{"line":41,"type":"binary-expr","locations":[{"start":{"line":41,"column":16},"end":{"line":41,"column":44}},{"start":{"line":41,"column":48},"end":{"line":41,"column":53}}]},"5":{"line":45,"type":"if","locations":[{"start":{"line":45,"column":8},"end":{"line":45,"column":8}},{"start":{"line":45,"column":8},"end":{"line":45,"column":8}}]}},"code":["/* istanbul instrument in package npmtest_archiver */","/*jslint","    bitwise: true,","    browser: true,","    maxerr: 8,","    maxlen: 96,","    node: true,","    nomen: true,","    regexp: true,","    stupid: true","*/","(function () {","    'use strict';","    var local;","","","","    // run shared js-env code - pre-init","    (function () {","        // init local","        local = {};","        // init modeJs","        local.modeJs = (function () {","            try {","                return typeof navigator.userAgent === 'string' &&","                    typeof document.querySelector('body') === 'object' &&","                    typeof XMLHttpRequest.prototype.open === 'function' &&","                    'browser';","            } catch (errorCaughtBrowser) {","                return module.exports &&","                    typeof process.versions.node === 'string' &&","                    typeof require('http').createServer === 'function' &&","                    'node';","            }","        }());","        // init global","        local.global = local.modeJs === 'browser'","            ? window","            : global;","        // init utility2_rollup","        local = local.global.utility2_rollup || local;","        // init lib","        local.local = local.npmtest_archiver = local;","        // init exports","        if (local.modeJs === 'browser') {","            local.global.utility2_npmtest_archiver = local;","        } else {","            module.exports = local;","            module.exports.__dirname = __dirname;","            module.exports.module = module;","        }","    }());","}());",""],"l":{"12":2,"14":2,"19":2,"21":2,"23":2,"24":2,"25":2,"30":1,"37":2,"41":2,"43":2,"45":2,"46":1,"48":1,"49":1,"50":1}},"/home/travis/build/npmtest/node-npmtest-archiver/example.js":{"path":"/home/travis/build/npmtest/node-npmtest-archiver/example.js","s":{"1":2,"2":2,"3":2,"4":2,"5":2,"6":2,"7":2,"8":1,"9":2,"10":2,"11":2,"12":2,"13":1,"14":2,"15":2,"16":2,"17":2,"18":2,"19":0,"20":2,"21":1,"22":1,"23":1,"24":1,"25":1,"26":0,"27":0,"28":1,"29":1,"30":2,"31":0,"32":0,"33":0,"34":1,"35":2,"36":2,"37":3,"38":3,"39":3,"40":3,"41":0,"42":3,"43":3,"44":3,"45":1,"46":3,"47":1,"48":1,"49":1,"50":1,"51":1,"52":1,"53":1,"54":1,"55":1,"56":1,"57":0,"58":1,"59":6,"60":6,"61":1,"62":2,"63":0,"64":2,"65":1,"66":1,"67":0,"68":0,"69":0,"70":0,"71":0,"72":0,"73":0,"74":0,"75":0,"76":0,"77":0,"78":0,"79":0,"80":0,"81":0,"82":0,"83":0},"b":{"1":[2,1,1,1],"2":[1,1,1,1],"3":[1,1],"4":[2,2],"5":[1,1],"6":[1,1],"7":[2,0],"8":[2,1,1,1,1,1],"9":[0,2,0],"10":[1,1],"11":[2,1,1],"12":[1,0],"13":[0,2],"14":[2,0,0,0,0,0,0],"15":[0,3],"16":[3,0],"17":[1,1],"18":[0,1],"19":[1,2,0,2],"20":[1,0],"21":[1,1],"22":[0,0],"23":[0,0],"24":[0,0],"25":[0,0],"26":[0,0],"27":[0,0],"28":[0,0]},"f":{"1":2,"2":2,"3":2,"4":2,"5":2,"6":2,"7":3,"8":3,"9":3,"10":1,"11":6,"12":0},"fnMap":{"1":{"name":"(anonymous_1)","line":26,"loc":{"start":{"line":26,"column":1},"end":{"line":26,"column":13}}},"2":{"name":"(anonymous_2)","line":33,"loc":{"start":{"line":33,"column":5},"end":{"line":33,"column":17}}},"3":{"name":"(anonymous_3)","line":37,"loc":{"start":{"line":37,"column":24},"end":{"line":37,"column":36}}},"4":{"name":"(anonymous_4)","line":69,"loc":{"start":{"line":69,"column":31},"end":{"line":69,"column":48}},"skip":true},"5":{"name":"(anonymous_5)","line":78,"loc":{"start":{"line":78,"column":26},"end":{"line":78,"column":45}},"skip":true},"6":{"name":"(anonymous_6)","line":123,"loc":{"start":{"line":123,"column":33},"end":{"line":123,"column":48}},"skip":true},"7":{"name":"(anonymous_7)","line":125,"loc":{"start":{"line":125,"column":27},"end":{"line":125,"column":39}},"skip":true},"8":{"name":"(anonymous_8)","line":133,"loc":{"start":{"line":133,"column":59},"end":{"line":133,"column":74}},"skip":true},"9":{"name":"(anonymous_9)","line":143,"loc":{"start":{"line":143,"column":45},"end":{"line":143,"column":62}},"skip":true},"10":{"name":"(anonymous_10)","line":144,"loc":{"start":{"line":144,"column":73},"end":{"line":144,"column":92}},"skip":true},"11":{"name":"(anonymous_11)","line":272,"loc":{"start":{"line":272,"column":51},"end":{"line":272,"column":77}},"skip":true},"12":{"name":"(anonymous_12)","line":315,"loc":{"start":{"line":315,"column":32},"end":{"line":315,"column":61}},"skip":true}},"statementMap":{"1":{"start":{"line":26,"column":0},"end":{"line":326,"column":5}},"2":{"start":{"line":28,"column":4},"end":{"line":28,"column":14}},"3":{"start":{"line":33,"column":4},"end":{"line":60,"column":9}},"4":{"start":{"line":35,"column":8},"end":{"line":35,"column":19}},"5":{"start":{"line":37,"column":8},"end":{"line":49,"column":13}},"6":{"start":{"line":38,"column":12},"end":{"line":48,"column":13}},"7":{"start":{"line":39,"column":16},"end":{"line":42,"column":30}},"8":{"start":{"line":44,"column":16},"end":{"line":47,"column":27}},"9":{"start":{"line":51,"column":8},"end":{"line":53,"column":21}},"10":{"start":{"line":55,"column":8},"end":{"line":57,"column":45}},"11":{"start":{"line":59,"column":8},"end":{"line":59,"column":35}},"12":{"start":{"line":61,"column":4},"end":{"line":325,"column":5}},"13":{"start":{"line":69,"column":8},"end":{"line":121,"column":10},"skip":true},"14":{"start":{"line":70,"column":12},"end":{"line":88,"column":13},"skip":true},"15":{"start":{"line":76,"column":16},"end":{"line":87,"column":19},"skip":true},"16":{"start":{"line":79,"column":20},"end":{"line":86,"column":21},"skip":true},"17":{"start":{"line":82,"column":24},"end":{"line":82,"column":43},"skip":true},"18":{"start":{"line":83,"column":24},"end":{"line":83,"column":30},"skip":true},"19":{"start":{"line":85,"column":24},"end":{"line":85,"column":49},"skip":true},"20":{"start":{"line":89,"column":12},"end":{"line":107,"column":13},"skip":true},"21":{"start":{"line":92,"column":16},"end":{"line":102,"column":17},"skip":true},"22":{"start":{"line":93,"column":20},"end":{"line":93,"column":86},"skip":true},"23":{"start":{"line":94,"column":20},"end":{"line":95,"column":45},"skip":true},"24":{"start":{"line":96,"column":20},"end":{"line":96,"column":42},"skip":true},"25":{"start":{"line":97,"column":20},"end":{"line":97,"column":48},"skip":true},"26":{"start":{"line":100,"column":20},"end":{"line":100,"column":85},"skip":true},"27":{"start":{"line":101,"column":20},"end":{"line":101,"column":96},"skip":true},"28":{"start":{"line":103,"column":16},"end":{"line":103,"column":22},"skip":true},"29":{"start":{"line":106,"column":16},"end":{"line":106,"column":22},"skip":true},"30":{"start":{"line":108,"column":12},"end":{"line":120,"column":13},"skip":true},"31":{"start":{"line":114,"column":16},"end":{"line":119,"column":17},"skip":true},"32":{"start":{"line":116,"column":20},"end":{"line":116,"column":78},"skip":true},"33":{"start":{"line":118,"column":20},"end":{"line":118,"column":47},"skip":true},"34":{"start":{"line":123,"column":8},"end":{"line":141,"column":11},"skip":true},"35":{"start":{"line":124,"column":12},"end":{"line":124,"column":54},"skip":true},"36":{"start":{"line":125,"column":12},"end":{"line":140,"column":14},"skip":true},"37":{"start":{"line":126,"column":16},"end":{"line":126,"column":28},"skip":true},"38":{"start":{"line":127,"column":16},"end":{"line":127,"column":69},"skip":true},"39":{"start":{"line":128,"column":16},"end":{"line":128,"column":75},"skip":true},"40":{"start":{"line":129,"column":16},"end":{"line":131,"column":17},"skip":true},"41":{"start":{"line":130,"column":20},"end":{"line":130,"column":27},"skip":true},"42":{"start":{"line":133,"column":16},"end":{"line":137,"column":36},"skip":true},"43":{"start":{"line":134,"column":20},"end":{"line":136,"column":55},"skip":true},"44":{"start":{"line":139,"column":16},"end":{"line":139,"column":57},"skip":true},"45":{"start":{"line":143,"column":8},"end":{"line":147,"column":11},"skip":true},"46":{"start":{"line":144,"column":12},"end":{"line":146,"column":15},"skip":true},"47":{"start":{"line":145,"column":16},"end":{"line":145,"column":70},"skip":true},"48":{"start":{"line":149,"column":8},"end":{"line":149,"column":31},"skip":true},"49":{"start":{"line":150,"column":8},"end":{"line":150,"column":14},"skip":true},"50":{"start":{"line":158,"column":8},"end":{"line":158,"column":31},"skip":true},"51":{"start":{"line":160,"column":8},"end":{"line":160,"column":33},"skip":true},"52":{"start":{"line":161,"column":8},"end":{"line":161,"column":37},"skip":true},"53":{"start":{"line":162,"column":8},"end":{"line":162,"column":35},"skip":true},"54":{"start":{"line":164,"column":8},"end":{"line":164,"column":50},"skip":true},"55":{"start":{"line":166,"column":8},"end":{"line":256,"column":2},"skip":true},"56":{"start":{"line":258,"column":8},"end":{"line":286,"column":9},"skip":true},"57":{"start":{"line":259,"column":12},"end":{"line":269,"column":14},"skip":true},"58":{"start":{"line":271,"column":12},"end":{"line":285,"column":19},"skip":true},"59":{"start":{"line":274,"column":20},"end":{"line":274,"column":35},"skip":true},"60":{"start":{"line":275,"column":20},"end":{"line":284,"column":21},"skip":true},"61":{"start":{"line":277,"column":24},"end":{"line":277,"column":64},"skip":true},"62":{"start":{"line":279,"column":24},"end":{"line":279,"column":40},"skip":true},"63":{"start":{"line":281,"column":24},"end":{"line":281,"column":40},"skip":true},"64":{"start":{"line":283,"column":24},"end":{"line":283,"column":39},"skip":true},"65":{"start":{"line":288,"column":8},"end":{"line":290,"column":9},"skip":true},"66":{"start":{"line":289,"column":12},"end":{"line":289,"column":18},"skip":true},"67":{"start":{"line":291,"column":8},"end":{"line":293,"column":54},"skip":true},"68":{"start":{"line":296,"column":8},"end":{"line":301,"column":37},"skip":true},"69":{"start":{"line":303,"column":8},"end":{"line":303,"column":82},"skip":true},"70":{"start":{"line":306,"column":8},"end":{"line":308,"column":9},"skip":true},"71":{"start":{"line":307,"column":12},"end":{"line":307,"column":82},"skip":true},"72":{"start":{"line":310,"column":8},"end":{"line":312,"column":9},"skip":true},"73":{"start":{"line":311,"column":12},"end":{"line":311,"column":18},"skip":true},"74":{"start":{"line":313,"column":8},"end":{"line":313,"column":54},"skip":true},"75":{"start":{"line":314,"column":8},"end":{"line":314,"column":69},"skip":true},"76":{"start":{"line":315,"column":8},"end":{"line":323,"column":36},"skip":true},"77":{"start":{"line":316,"column":12},"end":{"line":316,"column":61},"skip":true},"78":{"start":{"line":317,"column":12},"end":{"line":320,"column":13},"skip":true},"79":{"start":{"line":318,"column":16},"end":{"line":318,"column":75},"skip":true},"80":{"start":{"line":319,"column":16},"end":{"line":319,"column":23},"skip":true},"81":{"start":{"line":321,"column":12},"end":{"line":321,"column":38},"skip":true},"82":{"start":{"line":322,"column":12},"end":{"line":322,"column":27},"skip":true},"83":{"start":{"line":324,"column":8},"end":{"line":324,"column":14},"skip":true}},"branchMap":{"1":{"line":39,"type":"binary-expr","locations":[{"start":{"line":39,"column":23},"end":{"line":39,"column":62}},{"start":{"line":40,"column":20},"end":{"line":40,"column":70}},{"start":{"line":41,"column":20},"end":{"line":41,"column":71}},{"start":{"line":42,"column":20},"end":{"line":42,"column":29}}]},"2":{"line":44,"type":"binary-expr","locations":[{"start":{"line":44,"column":23},"end":{"line":44,"column":37}},{"start":{"line":45,"column":20},"end":{"line":45,"column":61}},{"start":{"line":46,"column":20},"end":{"line":46,"column":70}},{"start":{"line":47,"column":20},"end":{"line":47,"column":26}}]},"3":{"line":51,"type":"cond-expr","locations":[{"start":{"line":52,"column":14},"end":{"line":52,"column":20}},{"start":{"line":53,"column":14},"end":{"line":53,"column":20}}]},"4":{"line":55,"type":"binary-expr","locations":[{"start":{"line":55,"column":16},"end":{"line":55,"column":44}},{"start":{"line":55,"column":49},"end":{"line":57,"column":43}}]},"5":{"line":55,"type":"cond-expr","locations":[{"start":{"line":56,"column":14},"end":{"line":56,"column":52}},{"start":{"line":57,"column":14},"end":{"line":57,"column":43}}]},"6":{"line":61,"type":"switch","locations":[{"start":{"line":68,"column":4},"end":{"line":150,"column":14},"skip":true},{"start":{"line":156,"column":4},"end":{"line":324,"column":14},"skip":true}]},"7":{"line":70,"type":"if","locations":[{"start":{"line":70,"column":12},"end":{"line":70,"column":12},"skip":true},{"start":{"line":70,"column":12},"end":{"line":70,"column":12},"skip":true}]},"8":{"line":70,"type":"binary-expr","locations":[{"start":{"line":70,"column":16},"end":{"line":70,"column":22},"skip":true},{"start":{"line":70,"column":27},"end":{"line":70,"column":32},"skip":true},{"start":{"line":71,"column":20},"end":{"line":71,"column":39},"skip":true},{"start":{"line":72,"column":20},"end":{"line":72,"column":49},"skip":true},{"start":{"line":73,"column":20},"end":{"line":73,"column":58},"skip":true},{"start":{"line":74,"column":20},"end":{"line":74,"column":69},"skip":true}]},"9":{"line":79,"type":"switch","locations":[{"start":{"line":80,"column":20},"end":{"line":80,"column":33},"skip":true},{"start":{"line":81,"column":20},"end":{"line":83,"column":30},"skip":true},{"start":{"line":84,"column":20},"end":{"line":85,"column":49},"skip":true}]},"10":{"line":89,"type":"switch","locations":[{"start":{"line":90,"column":12},"end":{"line":103,"column":22},"skip":true},{"start":{"line":105,"column":12},"end":{"line":106,"column":22},"skip":true}]},"11":{"line":89,"type":"binary-expr","locations":[{"start":{"line":89,"column":20},"end":{"line":89,"column":25},"skip":true},{"start":{"line":89,"column":29},"end":{"line":89,"column":48},"skip":true},{"start":{"line":89,"column":52},"end":{"line":89,"column":74},"skip":true}]},"12":{"line":92,"type":"if","locations":[{"start":{"line":92,"column":16},"end":{"line":92,"column":16},"skip":true},{"start":{"line":92,"column":16},"end":{"line":92,"column":16},"skip":true}]},"13":{"line":108,"type":"if","locations":[{"start":{"line":108,"column":12},"end":{"line":108,"column":12},"skip":true},{"start":{"line":108,"column":12},"end":{"line":108,"column":12},"skip":true}]},"14":{"line":108,"type":"binary-expr","locations":[{"start":{"line":108,"column":16},"end":{"line":108,"column":61},"skip":true},{"start":{"line":108,"column":66},"end":{"line":108,"column":72},"skip":true},{"start":{"line":108,"column":77},"end":{"line":108,"column":82},"skip":true},{"start":{"line":109,"column":20},"end":{"line":109,"column":39},"skip":true},{"start":{"line":110,"column":20},"end":{"line":110,"column":49},"skip":true},{"start":{"line":111,"column":20},"end":{"line":111,"column":58},"skip":true},{"start":{"line":112,"column":20},"end":{"line":112,"column":68},"skip":true}]},"15":{"line":129,"type":"if","locations":[{"start":{"line":129,"column":16},"end":{"line":129,"column":16},"skip":true},{"start":{"line":129,"column":16},"end":{"line":129,"column":16},"skip":true}]},"16":{"line":134,"type":"cond-expr","locations":[{"start":{"line":135,"column":26},"end":{"line":135,"column":29},"skip":true},{"start":{"line":136,"column":26},"end":{"line":136,"column":54},"skip":true}]},"17":{"line":164,"type":"binary-expr","locations":[{"start":{"line":164,"column":27},"end":{"line":164,"column":43},"skip":true},{"start":{"line":164,"column":47},"end":{"line":164,"column":49},"skip":true}]},"18":{"line":258,"type":"if","locations":[{"start":{"line":258,"column":8},"end":{"line":258,"column":8},"skip":true},{"start":{"line":258,"column":8},"end":{"line":258,"column":8},"skip":true}]},"19":{"line":275,"type":"switch","locations":[{"start":{"line":276,"column":20},"end":{"line":277,"column":64},"skip":true},{"start":{"line":278,"column":20},"end":{"line":279,"column":40},"skip":true},{"start":{"line":280,"column":20},"end":{"line":281,"column":40},"skip":true},{"start":{"line":282,"column":20},"end":{"line":283,"column":39},"skip":true}]},"20":{"line":288,"type":"if","locations":[{"start":{"line":288,"column":8},"end":{"line":288,"column":8},"skip":true},{"start":{"line":288,"column":8},"end":{"line":288,"column":8},"skip":true}]},"21":{"line":288,"type":"binary-expr","locations":[{"start":{"line":288,"column":12},"end":{"line":288,"column":40},"skip":true},{"start":{"line":288,"column":44},"end":{"line":288,"column":67},"skip":true}]},"22":{"line":292,"type":"binary-expr","locations":[{"start":{"line":292,"column":12},"end":{"line":292,"column":50},"skip":true},{"start":{"line":293,"column":12},"end":{"line":293,"column":53},"skip":true}]},"23":{"line":297,"type":"binary-expr","locations":[{"start":{"line":297,"column":12},"end":{"line":297,"column":66},"skip":true},{"start":{"line":298,"column":12},"end":{"line":301,"column":36},"skip":true}]},"24":{"line":303,"type":"binary-expr","locations":[{"start":{"line":303,"column":43},"end":{"line":303,"column":75},"skip":true},{"start":{"line":303,"column":79},"end":{"line":303,"column":81},"skip":true}]},"25":{"line":306,"type":"if","locations":[{"start":{"line":306,"column":8},"end":{"line":306,"column":8},"skip":true},{"start":{"line":306,"column":8},"end":{"line":306,"column":8},"skip":true}]},"26":{"line":310,"type":"if","locations":[{"start":{"line":310,"column":8},"end":{"line":310,"column":8},"skip":true},{"start":{"line":310,"column":8},"end":{"line":310,"column":8},"skip":true}]},"27":{"line":313,"type":"binary-expr","locations":[{"start":{"line":313,"column":27},"end":{"line":313,"column":43},"skip":true},{"start":{"line":313,"column":47},"end":{"line":313,"column":53},"skip":true}]},"28":{"line":317,"type":"if","locations":[{"start":{"line":317,"column":12},"end":{"line":317,"column":12},"skip":true},{"start":{"line":317,"column":12},"end":{"line":317,"column":12},"skip":true}]}},"code":["/*","example.js","","quickstart example","","instruction","    1. save this script as example.js","    2. run the shell command:","        $ npm install npmtest-archiver && PORT=8081 node example.js","    3. play with the browser-demo on http://127.0.0.1:8081","*/","","","","/* istanbul instrument in package npmtest_archiver */","/*jslint","    bitwise: true,","    browser: true,","    maxerr: 8,","    maxlen: 96,","    node: true,","    nomen: true,","    regexp: true,","    stupid: true","*/","(function () {","    'use strict';","    var local;","","","","    // run shared js-env code - pre-init","    (function () {","        // init local","        local = {};","        // init modeJs","        local.modeJs = (function () {","            try {","                return typeof navigator.userAgent === 'string' &&","                    typeof document.querySelector('body') === 'object' &&","                    typeof XMLHttpRequest.prototype.open === 'function' &&","                    'browser';","            } catch (errorCaughtBrowser) {","                return module.exports &&","                    typeof process.versions.node === 'string' &&","                    typeof require('http').createServer === 'function' &&","                    'node';","            }","        }());","        // init global","        local.global = local.modeJs === 'browser'","            ? window","            : global;","        // init utility2_rollup","        local = local.global.utility2_rollup || (local.modeJs === 'browser'","            ? local.global.utility2_npmtest_archiver","            : global.utility2_moduleExports);","        // export local","        local.global.local = local;","    }());","    switch (local.modeJs) {","","","","    // post-init","    // run browser js-env code - post-init","    /* istanbul ignore next */","    case 'browser':","        local.testRunBrowser = function (event) {","            if (!event || (event &&","                    event.currentTarget &&","                    event.currentTarget.className &&","                    event.currentTarget.className.includes &&","                    event.currentTarget.className.includes('onreset'))) {","                // reset output","                Array.from(","                    document.querySelectorAll('body > .resettable')","                ).forEach(function (element) {","                    switch (element.tagName) {","                    case 'INPUT':","                    case 'TEXTAREA':","                        element.value = '';","                        break;","                    default:","                        element.textContent = '';","                    }","                });","            }","            switch (event && event.currentTarget && event.currentTarget.id) {","            case 'testRunButton1':","                // show tests","                if (document.querySelector('#testReportDiv1').style.display === 'none') {","                    document.querySelector('#testReportDiv1').style.display = 'block';","                    document.querySelector('#testRunButton1').textContent =","                        'hide internal test';","                    local.modeTest = true;","                    local.testRunDefault(local);","                // hide tests","                } else {","                    document.querySelector('#testReportDiv1').style.display = 'none';","                    document.querySelector('#testRunButton1').textContent = 'run internal test';","                }","                break;","            // custom-case","            default:","                break;","            }","            if (document.querySelector('#inputTextareaEval1') && (!event || (event &&","                    event.currentTarget &&","                    event.currentTarget.className &&","                    event.currentTarget.className.includes &&","                    event.currentTarget.className.includes('oneval')))) {","                // try to eval input-code","                try {","                    /*jslint evil: true*/","                    eval(document.querySelector('#inputTextareaEval1').value);","                } catch (errorCaught) {","                    console.error(errorCaught);","                }","            }","        };","        // log stderr and stdout to #outputTextareaStdout1","        ['error', 'log'].forEach(function (key) {","            console[key + '_original'] = console[key];","            console[key] = function () {","                var element;","                console[key + '_original'].apply(console, arguments);","                element = document.querySelector('#outputTextareaStdout1');","                if (!element) {","                    return;","                }","                // append text to #outputTextareaStdout1","                element.value += Array.from(arguments).map(function (arg) {","                    return typeof arg === 'string'","                        ? arg","                        : JSON.stringify(arg, null, 4);","                }).join(' ') + '\\n';","                // scroll textarea to bottom","                element.scrollTop = element.scrollHeight;","            };","        });","        // init event-handling","        ['change', 'click', 'keyup'].forEach(function (event) {","            Array.from(document.querySelectorAll('.on' + event)).forEach(function (element) {","                element.addEventListener(event, local.testRunBrowser);","            });","        });","        // run tests","        local.testRunBrowser();","        break;","","","","    // run node js-env code - post-init","    /* istanbul ignore next */","    case 'node':","        // export local","        module.exports = local;","        // require modules","        local.fs = require('fs');","        local.http = require('http');","        local.url = require('url');","        // init assets","        local.assetsDict = local.assetsDict || {};","        /* jslint-ignore-begin */","        local.assetsDict['/assets.index.template.html'] = '\\","<!doctype html>\\n\\","<html lang=\"en\">\\n\\","<head>\\n\\","<meta charset=\"UTF-8\">\\n\\","<meta name=\"viewport\" content=\"width=device-width, initial-scale=1\">\\n\\","<title>{{env.npm_package_name}} (v{{env.npm_package_version}})</title>\\n\\","<style>\\n\\","/*csslint\\n\\","    box-sizing: false,\\n\\","    universal-selector: false\\n\\","*/\\n\\","* {\\n\\","    box-sizing: border-box;\\n\\","}\\n\\","body {\\n\\","    background: #dde;\\n\\","    font-family: Arial, Helvetica, sans-serif;\\n\\","    margin: 2rem;\\n\\","}\\n\\","body > * {\\n\\","    margin-bottom: 1rem;\\n\\","}\\n\\",".utility2FooterDiv {\\n\\","    margin-top: 20px;\\n\\","    text-align: center;\\n\\","}\\n\\","</style>\\n\\","<style>\\n\\","/*csslint\\n\\","*/\\n\\","textarea {\\n\\","    font-family: monospace;\\n\\","    height: 10rem;\\n\\","    width: 100%;\\n\\","}\\n\\","textarea[readonly] {\\n\\","    background: #ddd;\\n\\","}\\n\\","</style>\\n\\","</head>\\n\\","<body>\\n\\","<!-- utility2-comment\\n\\","<div id=\"ajaxProgressDiv1\" style=\"background: #d00; height: 2px; left: 0; margin: 0; padding: 0; position: fixed; top: 0; transition: background 0.5s, width 1.5s; width: 25%;\"></div>\\n\\","utility2-comment -->\\n\\","<h1>\\n\\","<!-- utility2-comment\\n\\","    <a\\n\\","        {{#if env.npm_package_homepage}}\\n\\","        href=\"{{env.npm_package_homepage}}\"\\n\\","        {{/if env.npm_package_homepage}}\\n\\","        target=\"_blank\"\\n\\","    >\\n\\","utility2-comment -->\\n\\","        {{env.npm_package_name}} (v{{env.npm_package_version}})\\n\\","<!-- utility2-comment\\n\\","    </a>\\n\\","utility2-comment -->\\n\\","</h1>\\n\\","<h3>{{env.npm_package_description}}</h3>\\n\\","<!-- utility2-comment\\n\\","<h4><a download href=\"assets.app.js\">download standalone app</a></h4>\\n\\","<button class=\"onclick onreset\" id=\"testRunButton1\">run internal test</button><br>\\n\\","<div id=\"testReportDiv1\" style=\"display: none;\"></div>\\n\\","utility2-comment -->\\n\\","\\n\\","\\n\\","\\n\\","<label>stderr and stdout</label>\\n\\","<textarea class=\"resettable\" id=\"outputTextareaStdout1\" readonly></textarea>\\n\\","<!-- utility2-comment\\n\\","{{#if isRollup}}\\n\\","<script src=\"assets.app.js\"></script>\\n\\","{{#unless isRollup}}\\n\\","utility2-comment -->\\n\\","<script src=\"assets.utility2.rollup.js\"></script>\\n\\","<script src=\"jsonp.utility2._stateInit?callback=window.utility2._stateInit\"></script>\\n\\","<script src=\"assets.npmtest_archiver.rollup.js\"></script>\\n\\","<script src=\"assets.example.js\"></script>\\n\\","<script src=\"assets.test.js\"></script>\\n\\","<!-- utility2-comment\\n\\","{{/if isRollup}}\\n\\","utility2-comment -->\\n\\","<div class=\"utility2FooterDiv\">\\n\\","    [ this app was created with\\n\\","    <a href=\"https://github.com/kaizhu256/node-utility2\" target=\"_blank\">utility2</a>\\n\\","    ]\\n\\","</div>\\n\\","</body>\\n\\","</html>\\n\\","';","        /* jslint-ignore-end */","        if (local.templateRender) {","            local.assetsDict['/'] = local.templateRender(","                local.assetsDict['/assets.index.template.html'],","                {","                    env: local.objectSetDefault(local.env, {","                        npm_package_description: 'the greatest app in the world!',","                        npm_package_name: 'my-app',","                        npm_package_nameAlias: 'my_app',","                        npm_package_version: '0.0.1'","                    })","                }","            );","        } else {","            local.assetsDict['/'] = local.assetsDict['/assets.index.template.html']","                .replace((/\\{\\{env\\.(\\w+?)\\}\\}/g), function (match0, match1) {","                    // jslint-hack","                    String(match0);","                    switch (match1) {","                    case 'npm_package_description':","                        return 'the greatest app in the world!';","                    case 'npm_package_name':","                        return 'my-app';","                    case 'npm_package_nameAlias':","                        return 'my_app';","                    case 'npm_package_version':","                        return '0.0.1';","                    }","                });","        }","        // run the cli","        if (local.global.utility2_rollup || module !== require.main) {","            break;","        }","        local.assetsDict['/assets.example.js'] =","            local.assetsDict['/assets.example.js'] ||","            local.fs.readFileSync(__filename, 'utf8');","        // bug-workaround - long $npm_package_buildCustomOrg","        /* jslint-ignore-begin */","        local.assetsDict['/assets.npmtest_archiver.rollup.js'] =","            local.assetsDict['/assets.npmtest_archiver.rollup.js'] ||","            local.fs.readFileSync(","                local.npmtest_archiver.__dirname + '/lib.npmtest_archiver.js',","                'utf8'","            ).replace((/^#!/), '//');","        /* jslint-ignore-end */","        local.assetsDict['/favicon.ico'] = local.assetsDict['/favicon.ico'] || '';","        // if $npm_config_timeout_exit exists,","        // then exit this process after $npm_config_timeout_exit ms","        if (Number(process.env.npm_config_timeout_exit)) {","            setTimeout(process.exit, Number(process.env.npm_config_timeout_exit));","        }","        // start server","        if (local.global.utility2_serverHttp1) {","            break;","        }","        process.env.PORT = process.env.PORT || '8081';","        console.error('server starting on port ' + process.env.PORT);","        local.http.createServer(function (request, response) {","            request.urlParsed = local.url.parse(request.url);","            if (local.assetsDict[request.urlParsed.pathname] !== undefined) {","                response.end(local.assetsDict[request.urlParsed.pathname]);","                return;","            }","            response.statusCode = 404;","            response.end();","        }).listen(process.env.PORT);","        break;","    }","}());",""],"l":{"26":2,"28":2,"33":2,"35":2,"37":2,"38":2,"39":2,"44":1,"51":2,"55":2,"59":2,"61":2,"69":1,"70":2,"76":2,"79":2,"82":2,"83":2,"85":1,"89":2,"92":1,"93":1,"94":1,"96":1,"97":1,"100":1,"101":1,"103":1,"106":1,"108":2,"114":1,"116":1,"118":1,"123":1,"124":2,"125":2,"126":3,"127":3,"128":3,"129":3,"130":1,"133":3,"134":3,"139":3,"143":1,"144":3,"145":1,"149":1,"150":1,"158":1,"160":1,"161":1,"162":1,"164":1,"166":1,"258":1,"259":1,"271":1,"274":6,"275":6,"277":1,"279":2,"281":1,"283":2,"288":1,"289":1,"291":1,"296":1,"303":1,"306":1,"307":1,"310":1,"311":1,"313":1,"314":1,"315":1,"316":1,"317":1,"318":1,"319":1,"321":1,"322":1,"324":1}},"/home/travis/build/npmtest/node-npmtest-archiver/node_modules/archiver/index.js":{"path":"/home/travis/build/npmtest/node-npmtest-archiver/node_modules/archiver/index.js","s":{"1":1,"2":1,"3":1,"4":0,"5":1,"6":0,"7":0,"8":0,"9":0,"10":0,"11":0,"12":1,"13":3,"14":0,"15":3,"16":0,"17":3,"18":0,"19":3,"20":1,"21":1,"22":1,"23":1},"b":{"1":[0,0],"2":[0,3],"3":[0,3],"4":[0,3],"5":[3,3]},"f":{"1":0,"2":0,"3":3},"fnMap":{"1":{"name":"(anonymous_1)","line":20,"loc":{"start":{"line":20,"column":14},"end":{"line":20,"column":40}}},"2":{"name":"(anonymous_2)","line":31,"loc":{"start":{"line":31,"column":17},"end":{"line":31,"column":43}}},"3":{"name":"(anonymous_3)","line":50,"loc":{"start":{"line":50,"column":25},"end":{"line":50,"column":50}}}},"statementMap":{"1":{"start":{"line":8,"column":0},"end":{"line":8,"column":37}},"2":{"start":{"line":10,"column":0},"end":{"line":10,"column":17}},"3":{"start":{"line":20,"column":0},"end":{"line":22,"column":2}},"4":{"start":{"line":21,"column":2},"end":{"line":21,"column":41}},"5":{"start":{"line":31,"column":0},"end":{"line":41,"column":2}},"6":{"start":{"line":32,"column":2},"end":{"line":40,"column":3}},"7":{"start":{"line":33,"column":4},"end":{"line":33,"column":49}},"8":{"start":{"line":34,"column":4},"end":{"line":34,"column":31}},"9":{"start":{"line":35,"column":4},"end":{"line":35,"column":53}},"10":{"start":{"line":37,"column":4},"end":{"line":37,"column":20}},"11":{"start":{"line":39,"column":4},"end":{"line":39,"column":69}},"12":{"start":{"line":50,"column":0},"end":{"line":64,"column":2}},"13":{"start":{"line":51,"column":2},"end":{"line":53,"column":3}},"14":{"start":{"line":52,"column":4},"end":{"line":52,"column":75}},"15":{"start":{"line":55,"column":2},"end":{"line":57,"column":3}},"16":{"start":{"line":56,"column":4},"end":{"line":56,"column":71}},"17":{"start":{"line":59,"column":2},"end":{"line":61,"column":3}},"18":{"start":{"line":60,"column":4},"end":{"line":60,"column":79}},"19":{"start":{"line":63,"column":2},"end":{"line":63,"column":27}},"20":{"start":{"line":66,"column":0},"end":{"line":66,"column":60}},"21":{"start":{"line":67,"column":0},"end":{"line":67,"column":60}},"22":{"start":{"line":68,"column":0},"end":{"line":68,"column":62}},"23":{"start":{"line":70,"column":0},"end":{"line":70,"column":25}}},"branchMap":{"1":{"line":32,"type":"if","locations":[{"start":{"line":32,"column":2},"end":{"line":32,"column":2}},{"start":{"line":32,"column":2},"end":{"line":32,"column":2}}]},"2":{"line":51,"type":"if","locations":[{"start":{"line":51,"column":2},"end":{"line":51,"column":2}},{"start":{"line":51,"column":2},"end":{"line":51,"column":2}}]},"3":{"line":55,"type":"if","locations":[{"start":{"line":55,"column":2},"end":{"line":55,"column":2}},{"start":{"line":55,"column":2},"end":{"line":55,"column":2}}]},"4":{"line":59,"type":"if","locations":[{"start":{"line":59,"column":2},"end":{"line":59,"column":2}},{"start":{"line":59,"column":2},"end":{"line":59,"column":2}}]},"5":{"line":59,"type":"binary-expr","locations":[{"start":{"line":59,"column":6},"end":{"line":59,"column":51}},{"start":{"line":59,"column":55},"end":{"line":59,"column":102}}]}},"code":["/**"," * Archiver Vending"," *"," * @ignore"," * @license [MIT]{@link https://github.com/archiverjs/node-archiver/blob/master/LICENSE}"," * @copyright (c) 2012-2014 Chris Talkington, contributors."," */","var Archiver = require('./lib/core');","","var formats = {};","","/**"," * Dispenses a new Archiver instance."," *"," * @constructor"," * @param  {String} format The archive format to use."," * @param  {Object} options See [Archiver]{@link Archiver}"," * @return {Archiver}"," */","var vending = function(format, options) {","  return vending.create(format, options);","};","","/**"," * Creates a new Archiver instance."," *"," * @param  {String} format The archive format to use."," * @param  {Object} options See [Archiver]{@link Archiver}"," * @return {Archiver}"," */","vending.create = function(format, options) {","  if (formats[format]) {","    var instance = new Archiver(format, options);","    instance.setFormat(format);","    instance.setModule(new formats[format](options));","","    return instance;","  } else {","    throw new Error('create(' + format + '): format not registered');","  }","};","","/**"," * Registers a format for use with archiver."," *"," * @param  {String} format The name of the format."," * @param  {Function} module The function for archiver to interact with."," * @return void"," */","vending.registerFormat = function(format, module) {","  if (formats[format]) {","    throw new Error('register(' + format + '): format already registered');","  }","","  if (typeof module !== 'function') {","    throw new Error('register(' + format + '): format module invalid');","  }","","  if (typeof module.prototype.append !== 'function' || typeof module.prototype.finalize !== 'function') {","    throw new Error('register(' + format + '): format module missing methods');","  }","","  formats[format] = module;","};","","vending.registerFormat('zip', require('./lib/plugins/zip'));","vending.registerFormat('tar', require('./lib/plugins/tar'));","vending.registerFormat('json', require('./lib/plugins/json'));","","module.exports = vending;"],"l":{"8":1,"10":1,"20":1,"21":0,"31":1,"32":0,"33":0,"34":0,"35":0,"37":0,"39":0,"50":1,"51":3,"52":0,"55":3,"56":0,"59":3,"60":0,"63":3,"66":1,"67":1,"68":1,"70":1}},"/home/travis/build/npmtest/node-npmtest-archiver/node_modules/archiver/lib/core.js":{"path":"/home/travis/build/npmtest/node-npmtest-archiver/node_modules/archiver/lib/core.js","s":{"1":1,"2":1,"3":1,"4":1,"5":1,"6":1,"7":1,"8":1,"9":1,"10":1,"11":1,"12":1,"13":1,"14":0,"15":0,"16":0,"17":0,"18":0,"19":0,"20":0,"21":0,"22":0,"23":0,"24":0,"25":0,"26":0,"27":0,"28":0,"29":0,"30":0,"31":1,"32":1,"33":0,"34":0,"35":0,"36":0,"37":0,"38":1,"39":0,"40":0,"41":0,"42":0,"43":0,"44":0,"45":0,"46":0,"47":0,"48":0,"49":1,"50":0,"51":0,"52":0,"53":0,"54":0,"55":0,"56":1,"57":0,"58":0,"59":0,"60":0,"61":0,"62":0,"63":1,"64":0,"65":0,"66":0,"67":0,"68":0,"69":0,"70":0,"71":0,"72":0,"73":0,"74":0,"75":0,"76":0,"77":0,"78":0,"79":1,"80":0,"81":0,"82":0,"83":0,"84":0,"85":0,"86":1,"87":0,"88":0,"89":0,"90":1,"91":0,"92":0,"93":0,"94":1,"95":0,"96":0,"97":1,"98":0,"99":0,"100":0,"101":0,"102":0,"103":0,"104":0,"105":0,"106":0,"107":0,"108":0,"109":0,"110":0,"111":0,"112":0,"113":0,"114":0,"115":0,"116":0,"117":0,"118":0,"119":0,"120":0,"121":0,"122":0,"123":0,"124":0,"125":0,"126":0,"127":0,"128":1,"129":0,"130":1,"131":0,"132":0,"133":0,"134":0,"135":0,"136":1,"137":0,"138":0,"139":0,"140":0,"141":0,"142":1,"143":0,"144":0,"145":0,"146":0,"147":0,"148":0,"149":0,"150":0,"151":0,"152":0,"153":0,"154":0,"155":0,"156":0,"157":0,"158":0,"159":0,"160":0,"161":1,"162":0,"163":0,"164":1,"165":0,"166":0,"167":0,"168":1,"169":0,"170":0,"171":0,"172":0,"173":0,"174":0,"175":0,"176":0,"177":0,"178":0,"179":0,"180":0,"181":0,"182":1,"183":0,"184":0,"185":0,"186":0,"187":1,"188":0,"189":0,"190":0,"191":0,"192":0,"193":0,"194":0,"195":0,"196":0,"197":0,"198":0,"199":0,"200":0,"201":0,"202":0,"203":0,"204":0,"205":0,"206":0,"207":1,"208":0,"209":0,"210":0,"211":0,"212":0,"213":0,"214":0,"215":0,"216":0,"217":0,"218":0,"219":0,"220":0,"221":0,"222":0,"223":0,"224":0,"225":0,"226":0,"227":0,"228":0,"229":0,"230":0,"231":0,"232":0,"233":0,"234":0,"235":0,"236":0,"237":0,"238":0,"239":0,"240":0,"241":0,"242":0,"243":0,"244":1,"245":0,"246":0,"247":0,"248":0,"249":0,"250":0,"251":0,"252":0,"253":0,"254":0,"255":0,"256":0,"257":0,"258":0,"259":0,"260":0,"261":0,"262":1,"263":0,"264":0,"265":0,"266":0,"267":0,"268":0,"269":0,"270":0,"271":0,"272":0,"273":0,"274":0,"275":1,"276":0,"277":0,"278":1,"279":0,"280":0,"281":0,"282":0,"283":0,"284":0,"285":0,"286":1,"287":0,"288":0,"289":0,"290":0,"291":0,"292":0,"293":0,"294":0,"295":1,"296":0,"297":0,"298":1,"299":0,"300":0,"301":1,"302":0,"303":1,"304":0,"305":0,"306":0,"307":0,"308":0,"309":0,"310":0,"311":0,"312":0,"313":0,"314":1,"315":0,"316":0,"317":0,"318":0,"319":0,"320":0,"321":0,"322":0,"323":0,"324":0,"325":1,"326":0,"327":0,"328":0,"329":0,"330":0,"331":1,"332":0,"333":0,"334":0,"335":0,"336":0,"337":0,"338":0,"339":0,"340":0,"341":1,"342":0,"343":1,"344":0,"345":0,"346":1},"b":{"1":[1,0],"2":[0,0],"3":[0,0],"4":[0,0],"5":[0,0],"6":[0,0],"7":[0,0],"8":[0,0],"9":[0,0],"10":[0,0,0],"11":[0,0],"12":[0,0,0],"13":[0,0],"14":[0,0,0,0],"15":[0,0],"16":[0,0],"17":[0,0],"18":[0,0],"19":[0,0],"20":[0,0],"21":[0,0],"22":[0,0],"23":[0,0],"24":[0,0],"25":[0,0],"26":[0,0],"27":[0,0],"28":[0,0],"29":[0,0],"30":[0,0],"31":[0,0],"32":[0,0],"33":[0,0],"34":[0,0],"35":[0,0],"36":[0,0],"37":[0,0],"38":[0,0],"39":[0,0],"40":[0,0],"41":[0,0,0],"42":[0,0],"43":[0,0,0,0],"44":[0,0],"45":[0,0,0],"46":[0,0],"47":[0,0,0],"48":[0,0],"49":[0,0],"50":[0,0],"51":[0,0],"52":[0,0],"53":[0,0],"54":[0,0],"55":[0,0],"56":[0,0],"57":[0,0],"58":[0,0],"59":[0,0],"60":[0,0],"61":[0,0],"62":[0,0],"63":[0,0],"64":[0,0],"65":[0,0],"66":[0,0],"67":[0,0],"68":[0,0],"69":[0,0],"70":[0,0],"71":[0,0],"72":[0,0],"73":[0,0],"74":[0,0],"75":[0,0],"76":[0,0],"77":[0,0],"78":[0,0],"79":[0,0],"80":[0,0],"81":[0,0],"82":[0,0],"83":[0,0],"84":[0,0],"85":[0,0],"86":[0,0],"87":[0,0],"88":[0,0],"89":[0,0],"90":[0,0],"91":[0,0],"92":[0,0],"93":[0,0],"94":[0,0],"95":[0,0],"96":[0,0],"97":[0,0,0],"98":[0,0],"99":[0,0],"100":[0,0]},"f":{"1":0,"2":0,"3":0,"4":0,"5":0,"6":0,"7":0,"8":0,"9":0,"10":0,"11":0,"12":0,"13":0,"14":0,"15":0,"16":0,"17":0,"18":0,"19":0,"20":0,"21":0,"22":0,"23":0,"24":0,"25":0,"26":0,"27":0,"28":0,"29":0,"30":0,"31":0,"32":0,"33":0,"34":0,"35":0,"36":0,"37":0,"38":0,"39":0},"fnMap":{"1":{"name":"(anonymous_1)","line":30,"loc":{"start":{"line":30,"column":15},"end":{"line":30,"column":41}}},"2":{"name":"(anonymous_2)","line":77,"loc":{"start":{"line":77,"column":28},"end":{"line":77,"column":39}}},"3":{"name":"(anonymous_3)","line":95,"loc":{"start":{"line":95,"column":29},"end":{"line":95,"column":54}}},"4":{"name":"(anonymous_4)","line":124,"loc":{"start":{"line":124,"column":31},"end":{"line":124,"column":42}}},"5":{"name":"(anonymous_5)","line":143,"loc":{"start":{"line":143,"column":36},"end":{"line":143,"column":47}}},"6":{"name":"(anonymous_6)","line":166,"loc":{"start":{"line":166,"column":35},"end":{"line":166,"column":68}}},"7":{"name":"(anonymous_7)","line":172,"loc":{"start":{"line":172,"column":36},"end":{"line":172,"column":50}}},"8":{"name":"(anonymous_8)","line":205,"loc":{"start":{"line":205,"column":37},"end":{"line":205,"column":48}}},"9":{"name":"(anonymous_9)","line":222,"loc":{"start":{"line":222,"column":33},"end":{"line":222,"column":44}}},"10":{"name":"(anonymous_10)","line":235,"loc":{"start":{"line":235,"column":37},"end":{"line":235,"column":51}}},"11":{"name":"(anonymous_11)","line":249,"loc":{"start":{"line":249,"column":35},"end":{"line":249,"column":46}}},"12":{"name":"(anonymous_12)","line":262,"loc":{"start":{"line":262,"column":41},"end":{"line":262,"column":63}}},"13":{"name":"(anonymous_13)","line":333,"loc":{"start":{"line":333,"column":36},"end":{"line":333,"column":50}}},"14":{"name":"(anonymous_14)","line":344,"loc":{"start":{"line":344,"column":35},"end":{"line":344,"column":46}}},"15":{"name":"(anonymous_15)","line":363,"loc":{"start":{"line":363,"column":34},"end":{"line":363,"column":59}}},"16":{"name":"(anonymous_16)","line":381,"loc":{"start":{"line":381,"column":38},"end":{"line":381,"column":63}}},"17":{"name":"(anonymous_17)","line":387,"loc":{"start":{"line":387,"column":25},"end":{"line":387,"column":46}}},"18":{"name":"(anonymous_18)","line":418,"loc":{"start":{"line":418,"column":31},"end":{"line":418,"column":42}}},"19":{"name":"(anonymous_19)","line":432,"loc":{"start":{"line":432,"column":32},"end":{"line":432,"column":68}}},"20":{"name":"(anonymous_20)","line":448,"loc":{"start":{"line":448,"column":47},"end":{"line":448,"column":69}}},"21":{"name":"(anonymous_21)","line":479,"loc":{"start":{"line":479,"column":27},"end":{"line":479,"column":38}}},"22":{"name":"(anonymous_22)","line":500,"loc":{"start":{"line":500,"column":28},"end":{"line":500,"column":51}}},"23":{"name":"(anonymous_23)","line":563,"loc":{"start":{"line":563,"column":26},"end":{"line":563,"column":45}}},"24":{"name":"(anonymous_24)","line":586,"loc":{"start":{"line":586,"column":16},"end":{"line":586,"column":30}}},"25":{"name":"(anonymous_25)","line":597,"loc":{"start":{"line":597,"column":21},"end":{"line":597,"column":40}}},"26":{"name":"(anonymous_26)","line":635,"loc":{"start":{"line":635,"column":31},"end":{"line":635,"column":65}}},"27":{"name":"onWalkPath","line":662,"loc":{"start":{"line":662,"column":2},"end":{"line":662,"column":38}}},"28":{"name":"onWalkEnd","line":684,"loc":{"start":{"line":684,"column":2},"end":{"line":684,"column":23}}},"29":{"name":"onWalkError","line":689,"loc":{"start":{"line":689,"column":2},"end":{"line":689,"column":28}}},"30":{"name":"(anonymous_30)","line":716,"loc":{"start":{"line":716,"column":26},"end":{"line":716,"column":51}}},"31":{"name":"(anonymous_31)","line":741,"loc":{"start":{"line":741,"column":26},"end":{"line":741,"column":59}}},"32":{"name":"onGlobEnd","line":748,"loc":{"start":{"line":748,"column":2},"end":{"line":748,"column":23}}},"33":{"name":"onGlobError","line":753,"loc":{"start":{"line":753,"column":2},"end":{"line":753,"column":28}}},"34":{"name":"onGlobMatch","line":757,"loc":{"start":{"line":757,"column":2},"end":{"line":757,"column":29}}},"35":{"name":"(anonymous_35)","line":786,"loc":{"start":{"line":786,"column":30},"end":{"line":786,"column":41}}},"36":{"name":"(anonymous_36)","line":812,"loc":{"start":{"line":812,"column":31},"end":{"line":812,"column":48}}},"37":{"name":"(anonymous_37)","line":829,"loc":{"start":{"line":829,"column":31},"end":{"line":829,"column":48}}},"38":{"name":"(anonymous_38)","line":851,"loc":{"start":{"line":851,"column":29},"end":{"line":851,"column":40}}},"39":{"name":"(anonymous_39)","line":862,"loc":{"start":{"line":862,"column":25},"end":{"line":862,"column":42}}}},"statementMap":{"1":{"start":{"line":8,"column":0},"end":{"line":8,"column":23}},"2":{"start":{"line":9,"column":0},"end":{"line":9,"column":27}},"3":{"start":{"line":10,"column":0},"end":{"line":10,"column":29}},"4":{"start":{"line":11,"column":0},"end":{"line":11,"column":26}},"5":{"start":{"line":12,"column":0},"end":{"line":12,"column":27}},"6":{"start":{"line":13,"column":0},"end":{"line":13,"column":33}},"7":{"start":{"line":14,"column":0},"end":{"line":14,"column":37}},"8":{"start":{"line":16,"column":0},"end":{"line":16,"column":40}},"9":{"start":{"line":17,"column":0},"end":{"line":17,"column":53}},"10":{"start":{"line":19,"column":0},"end":{"line":19,"column":41}},"11":{"start":{"line":21,"column":0},"end":{"line":23,"column":1}},"12":{"start":{"line":22,"column":2},"end":{"line":22,"column":41}},"13":{"start":{"line":30,"column":0},"end":{"line":67,"column":2}},"14":{"start":{"line":31,"column":2},"end":{"line":33,"column":3}},"15":{"start":{"line":32,"column":4},"end":{"line":32,"column":41}},"16":{"start":{"line":35,"column":2},"end":{"line":38,"column":3}},"17":{"start":{"line":36,"column":4},"end":{"line":36,"column":21}},"18":{"start":{"line":37,"column":4},"end":{"line":37,"column":19}},"19":{"start":{"line":40,"column":2},"end":{"line":43,"column":5}},"20":{"start":{"line":45,"column":2},"end":{"line":45,"column":32}},"21":{"start":{"line":47,"column":2},"end":{"line":47,"column":21}},"22":{"start":{"line":48,"column":2},"end":{"line":48,"column":23}},"23":{"start":{"line":49,"column":2},"end":{"line":49,"column":23}},"24":{"start":{"line":50,"column":2},"end":{"line":50,"column":20}},"25":{"start":{"line":51,"column":2},"end":{"line":51,"column":20}},"26":{"start":{"line":53,"column":2},"end":{"line":53,"column":61}},"27":{"start":{"line":54,"column":2},"end":{"line":54,"column":52}},"28":{"start":{"line":56,"column":2},"end":{"line":56,"column":91}},"29":{"start":{"line":58,"column":2},"end":{"line":64,"column":4}},"30":{"start":{"line":66,"column":2},"end":{"line":66,"column":21}},"31":{"start":{"line":69,"column":0},"end":{"line":69,"column":30}},"32":{"start":{"line":77,"column":0},"end":{"line":85,"column":2}},"33":{"start":{"line":78,"column":2},"end":{"line":78,"column":29}},"34":{"start":{"line":79,"column":2},"end":{"line":79,"column":21}},"35":{"start":{"line":80,"column":2},"end":{"line":80,"column":25}},"36":{"start":{"line":82,"column":2},"end":{"line":84,"column":3}},"37":{"start":{"line":83,"column":4},"end":{"line":83,"column":21}},"38":{"start":{"line":95,"column":0},"end":{"line":116,"column":2}},"39":{"start":{"line":96,"column":2},"end":{"line":96,"column":20}},"40":{"start":{"line":98,"column":2},"end":{"line":101,"column":4}},"41":{"start":{"line":103,"column":2},"end":{"line":105,"column":3}},"42":{"start":{"line":104,"column":4},"end":{"line":104,"column":25}},"43":{"start":{"line":107,"column":2},"end":{"line":107,"column":29}},"44":{"start":{"line":108,"column":2},"end":{"line":108,"column":19}},"45":{"start":{"line":110,"column":2},"end":{"line":115,"column":3}},"46":{"start":{"line":111,"column":4},"end":{"line":111,"column":60}},"47":{"start":{"line":112,"column":4},"end":{"line":112,"column":27}},"48":{"start":{"line":114,"column":4},"end":{"line":114,"column":31}},"49":{"start":{"line":124,"column":0},"end":{"line":135,"column":2}},"50":{"start":{"line":125,"column":2},"end":{"line":127,"column":3}},"51":{"start":{"line":126,"column":4},"end":{"line":126,"column":11}},"52":{"start":{"line":129,"column":2},"end":{"line":129,"column":32}},"53":{"start":{"line":131,"column":2},"end":{"line":131,"column":25}},"54":{"start":{"line":133,"column":2},"end":{"line":133,"column":33}},"55":{"start":{"line":134,"column":2},"end":{"line":134,"column":31}},"56":{"start":{"line":143,"column":0},"end":{"line":154,"column":2}},"57":{"start":{"line":144,"column":2},"end":{"line":146,"column":3}},"58":{"start":{"line":145,"column":4},"end":{"line":145,"column":17}},"59":{"start":{"line":148,"column":2},"end":{"line":151,"column":3}},"60":{"start":{"line":149,"column":4},"end":{"line":149,"column":21}},"61":{"start":{"line":150,"column":4},"end":{"line":150,"column":16}},"62":{"start":{"line":153,"column":2},"end":{"line":153,"column":15}},"63":{"start":{"line":166,"column":0},"end":{"line":197,"column":2}},"64":{"start":{"line":167,"column":2},"end":{"line":170,"column":3}},"65":{"start":{"line":168,"column":4},"end":{"line":168,"column":15}},"66":{"start":{"line":169,"column":4},"end":{"line":169,"column":11}},"67":{"start":{"line":172,"column":2},"end":{"line":196,"column":16}},"68":{"start":{"line":173,"column":4},"end":{"line":173,"column":22}},"69":{"start":{"line":175,"column":4},"end":{"line":178,"column":5}},"70":{"start":{"line":176,"column":6},"end":{"line":176,"column":23}},"71":{"start":{"line":177,"column":6},"end":{"line":177,"column":13}},"72":{"start":{"line":180,"column":4},"end":{"line":184,"column":5}},"73":{"start":{"line":181,"column":6},"end":{"line":181,"column":30}},"74":{"start":{"line":182,"column":6},"end":{"line":182,"column":29}},"75":{"start":{"line":183,"column":6},"end":{"line":183,"column":13}},"76":{"start":{"line":192,"column":4},"end":{"line":192,"column":29}},"77":{"start":{"line":193,"column":4},"end":{"line":193,"column":29}},"78":{"start":{"line":195,"column":4},"end":{"line":195,"column":27}},"79":{"start":{"line":205,"column":0},"end":{"line":214,"column":2}},"80":{"start":{"line":206,"column":2},"end":{"line":213,"column":3}},"81":{"start":{"line":207,"column":4},"end":{"line":207,"column":28}},"82":{"start":{"line":208,"column":9},"end":{"line":213,"column":3}},"83":{"start":{"line":209,"column":4},"end":{"line":209,"column":23}},"84":{"start":{"line":211,"column":4},"end":{"line":211,"column":83}},"85":{"start":{"line":212,"column":4},"end":{"line":212,"column":11}},"86":{"start":{"line":222,"column":0},"end":{"line":226,"column":2}},"87":{"start":{"line":223,"column":2},"end":{"line":223,"column":59}},"88":{"start":{"line":224,"column":2},"end":{"line":224,"column":26}},"89":{"start":{"line":225,"column":2},"end":{"line":225,"column":33}},"90":{"start":{"line":235,"column":0},"end":{"line":241,"column":2}},"91":{"start":{"line":236,"column":2},"end":{"line":238,"column":3}},"92":{"start":{"line":237,"column":4},"end":{"line":237,"column":17}},"93":{"start":{"line":240,"column":2},"end":{"line":240,"column":36}},"94":{"start":{"line":249,"column":0},"end":{"line":252,"column":2}},"95":{"start":{"line":250,"column":2},"end":{"line":250,"column":28}},"96":{"start":{"line":251,"column":2},"end":{"line":251,"column":34}},"97":{"start":{"line":262,"column":0},"end":{"line":324,"column":2}},"98":{"start":{"line":263,"column":2},"end":{"line":271,"column":5}},"99":{"start":{"line":273,"column":2},"end":{"line":275,"column":3}},"100":{"start":{"line":274,"column":4},"end":{"line":274,"column":23}},"101":{"start":{"line":277,"column":2},"end":{"line":277,"column":40}},"102":{"start":{"line":279,"column":2},"end":{"line":293,"column":3}},"103":{"start":{"line":280,"column":4},"end":{"line":283,"column":5}},"104":{"start":{"line":281,"column":6},"end":{"line":281,"column":48}},"105":{"start":{"line":282,"column":6},"end":{"line":282,"column":25}},"106":{"start":{"line":285,"column":4},"end":{"line":285,"column":45}},"107":{"start":{"line":287,"column":4},"end":{"line":292,"column":5}},"108":{"start":{"line":288,"column":6},"end":{"line":288,"column":19}},"109":{"start":{"line":289,"column":6},"end":{"line":289,"column":30}},"110":{"start":{"line":290,"column":11},"end":{"line":292,"column":5}},"111":{"start":{"line":291,"column":6},"end":{"line":291,"column":23}},"112":{"start":{"line":296,"column":2},"end":{"line":315,"column":3}},"113":{"start":{"line":297,"column":4},"end":{"line":301,"column":5}},"114":{"start":{"line":298,"column":6},"end":{"line":298,"column":23}},"115":{"start":{"line":300,"column":6},"end":{"line":300,"column":23}},"116":{"start":{"line":302,"column":9},"end":{"line":315,"column":3}},"117":{"start":{"line":303,"column":4},"end":{"line":307,"column":5}},"118":{"start":{"line":304,"column":6},"end":{"line":304,"column":40}},"119":{"start":{"line":306,"column":6},"end":{"line":306,"column":41}},"120":{"start":{"line":310,"column":4},"end":{"line":312,"column":5}},"121":{"start":{"line":311,"column":6},"end":{"line":311,"column":22}},"122":{"start":{"line":313,"column":9},"end":{"line":315,"column":3}},"123":{"start":{"line":314,"column":4},"end":{"line":314,"column":34}},"124":{"start":{"line":317,"column":2},"end":{"line":321,"column":3}},"125":{"start":{"line":318,"column":4},"end":{"line":318,"column":33}},"126":{"start":{"line":320,"column":4},"end":{"line":320,"column":40}},"127":{"start":{"line":323,"column":2},"end":{"line":323,"column":14}},"128":{"start":{"line":333,"column":0},"end":{"line":335,"column":2}},"129":{"start":{"line":334,"column":2},"end":{"line":334,"column":26}},"130":{"start":{"line":344,"column":0},"end":{"line":353,"column":2}},"131":{"start":{"line":345,"column":2},"end":{"line":347,"column":3}},"132":{"start":{"line":346,"column":4},"end":{"line":346,"column":11}},"133":{"start":{"line":349,"column":2},"end":{"line":352,"column":3}},"134":{"start":{"line":350,"column":4},"end":{"line":350,"column":21}},"135":{"start":{"line":351,"column":4},"end":{"line":351,"column":11}},"136":{"start":{"line":363,"column":0},"end":{"line":371,"column":2}},"137":{"start":{"line":364,"column":2},"end":{"line":367,"column":3}},"138":{"start":{"line":365,"column":4},"end":{"line":365,"column":15}},"139":{"start":{"line":366,"column":4},"end":{"line":366,"column":11}},"140":{"start":{"line":369,"column":2},"end":{"line":369,"column":20}},"141":{"start":{"line":370,"column":2},"end":{"line":370,"column":55}},"142":{"start":{"line":381,"column":0},"end":{"line":410,"column":2}},"143":{"start":{"line":382,"column":2},"end":{"line":385,"column":3}},"144":{"start":{"line":383,"column":4},"end":{"line":383,"column":15}},"145":{"start":{"line":384,"column":4},"end":{"line":384,"column":11}},"146":{"start":{"line":387,"column":2},"end":{"line":409,"column":16}},"147":{"start":{"line":388,"column":4},"end":{"line":391,"column":5}},"148":{"start":{"line":389,"column":6},"end":{"line":389,"column":29}},"149":{"start":{"line":390,"column":6},"end":{"line":390,"column":13}},"150":{"start":{"line":393,"column":4},"end":{"line":397,"column":5}},"151":{"start":{"line":394,"column":6},"end":{"line":394,"column":30}},"152":{"start":{"line":395,"column":6},"end":{"line":395,"column":29}},"153":{"start":{"line":396,"column":6},"end":{"line":396,"column":13}},"154":{"start":{"line":399,"column":4},"end":{"line":399,"column":55}},"155":{"start":{"line":401,"column":4},"end":{"line":408,"column":5}},"156":{"start":{"line":402,"column":6},"end":{"line":402,"column":29}},"157":{"start":{"line":403,"column":6},"end":{"line":403,"column":29}},"158":{"start":{"line":405,"column":6},"end":{"line":405,"column":75}},"159":{"start":{"line":406,"column":6},"end":{"line":406,"column":29}},"160":{"start":{"line":407,"column":6},"end":{"line":407,"column":13}},"161":{"start":{"line":418,"column":0},"end":{"line":421,"column":2}},"162":{"start":{"line":419,"column":2},"end":{"line":419,"column":23}},"163":{"start":{"line":420,"column":2},"end":{"line":420,"column":13}},"164":{"start":{"line":432,"column":0},"end":{"line":438,"column":2}},"165":{"start":{"line":433,"column":2},"end":{"line":435,"column":3}},"166":{"start":{"line":434,"column":4},"end":{"line":434,"column":34}},"167":{"start":{"line":437,"column":2},"end":{"line":437,"column":24}},"168":{"start":{"line":448,"column":0},"end":{"line":465,"column":2}},"169":{"start":{"line":449,"column":2},"end":{"line":461,"column":3}},"170":{"start":{"line":450,"column":4},"end":{"line":450,"column":28}},"171":{"start":{"line":451,"column":4},"end":{"line":451,"column":36}},"172":{"start":{"line":452,"column":4},"end":{"line":452,"column":53}},"173":{"start":{"line":453,"column":9},"end":{"line":461,"column":3}},"174":{"start":{"line":454,"column":4},"end":{"line":454,"column":58}},"175":{"start":{"line":455,"column":4},"end":{"line":455,"column":33}},"176":{"start":{"line":456,"column":4},"end":{"line":456,"column":63}},"177":{"start":{"line":457,"column":4},"end":{"line":457,"column":36}},"178":{"start":{"line":458,"column":4},"end":{"line":458,"column":32}},"179":{"start":{"line":460,"column":4},"end":{"line":460,"column":16}},"180":{"start":{"line":463,"column":2},"end":{"line":463,"column":57}},"181":{"start":{"line":464,"column":2},"end":{"line":464,"column":14}},"182":{"start":{"line":479,"column":0},"end":{"line":487,"column":2}},"183":{"start":{"line":480,"column":2},"end":{"line":482,"column":3}},"184":{"start":{"line":481,"column":4},"end":{"line":481,"column":16}},"185":{"start":{"line":484,"column":2},"end":{"line":484,"column":16}},"186":{"start":{"line":486,"column":2},"end":{"line":486,"column":14}},"187":{"start":{"line":500,"column":0},"end":{"line":535,"column":2}},"188":{"start":{"line":501,"column":2},"end":{"line":504,"column":3}},"189":{"start":{"line":502,"column":4},"end":{"line":502,"column":58}},"190":{"start":{"line":503,"column":4},"end":{"line":503,"column":16}},"191":{"start":{"line":506,"column":2},"end":{"line":506,"column":40}},"192":{"start":{"line":508,"column":2},"end":{"line":511,"column":3}},"193":{"start":{"line":509,"column":4},"end":{"line":509,"column":89}},"194":{"start":{"line":510,"column":4},"end":{"line":510,"column":16}},"195":{"start":{"line":513,"column":2},"end":{"line":516,"column":3}},"196":{"start":{"line":514,"column":4},"end":{"line":514,"column":112}},"197":{"start":{"line":515,"column":4},"end":{"line":515,"column":16}},"198":{"start":{"line":518,"column":2},"end":{"line":518,"column":45}},"199":{"start":{"line":520,"column":2},"end":{"line":527,"column":3}},"200":{"start":{"line":521,"column":4},"end":{"line":521,"column":31}},"201":{"start":{"line":522,"column":9},"end":{"line":527,"column":3}},"202":{"start":{"line":523,"column":4},"end":{"line":523,"column":31}},"203":{"start":{"line":525,"column":4},"end":{"line":525,"column":98}},"204":{"start":{"line":526,"column":4},"end":{"line":526,"column":16}},"205":{"start":{"line":529,"column":2},"end":{"line":532,"column":5}},"206":{"start":{"line":534,"column":2},"end":{"line":534,"column":14}},"207":{"start":{"line":563,"column":0},"end":{"line":624,"column":2}},"208":{"start":{"line":564,"column":2},"end":{"line":572,"column":3}},"209":{"start":{"line":565,"column":4},"end":{"line":565,"column":42}},"210":{"start":{"line":566,"column":4},"end":{"line":566,"column":60}},"211":{"start":{"line":567,"column":4},"end":{"line":571,"column":5}},"212":{"start":{"line":568,"column":6},"end":{"line":568,"column":57}},"213":{"start":{"line":570,"column":6},"end":{"line":570,"column":28}},"214":{"start":{"line":574,"column":2},"end":{"line":577,"column":3}},"215":{"start":{"line":575,"column":4},"end":{"line":575,"column":56}},"216":{"start":{"line":576,"column":4},"end":{"line":576,"column":16}},"217":{"start":{"line":579,"column":2},"end":{"line":581,"column":3}},"218":{"start":{"line":580,"column":4},"end":{"line":580,"column":26}},"219":{"start":{"line":583,"column":2},"end":{"line":583,"column":18}},"220":{"start":{"line":584,"column":2},"end":{"line":584,"column":54}},"221":{"start":{"line":586,"column":2},"end":{"line":621,"column":5}},"222":{"start":{"line":587,"column":4},"end":{"line":587,"column":51}},"223":{"start":{"line":588,"column":4},"end":{"line":588,"column":18}},"224":{"start":{"line":589,"column":4},"end":{"line":589,"column":29}},"225":{"start":{"line":591,"column":4},"end":{"line":595,"column":5}},"226":{"start":{"line":592,"column":6},"end":{"line":592,"column":31}},"227":{"start":{"line":593,"column":11},"end":{"line":595,"column":5}},"228":{"start":{"line":594,"column":6},"end":{"l
[...]
guments);","};","","module.exports = Zip;","","/**"," * @typedef {Object} ZipOptions"," * @global"," * @property {String} [comment] Sets the zip archive comment."," * @property {Boolean} [forceLocalTime=false] Forces the archive to contain local file times instead of UTC."," * @property {Boolean} [forceZip64=false] Forces the archive to contain ZIP64 headers."," * @property {Boolean} [store=false] Sets the compression method to STORE."," * @property {Object} [zlib] Passed to [zlib]{@link https://nodejs.org/api/zlib.html#zlib_class_options}"," * to control compression."," * @property {*} [*] See [zip-stream]{@link https://archiverjs.com/zip-stream/ZipStream.html} documentation for current list of properties."," */","","/**"," * @typedef {Object} ZipEntryData"," * @global"," * @property {String} name Sets the entry name including internal path."," * @property {(String|Date)} [date=NOW()] Sets the entry date."," * @property {Number} [mode=D:0755/F:0644] Sets the entry permissions."," * @property {String} [prefix] Sets a path prefix for the entry name. Useful"," * when working with methods like `directory` or `glob`."," * @property {fs.Stats} [stats] Sets the fs stat data for this entry allowing"," * for reduction of fs stat calls when stat data is already known."," * @property {Boolean} [store=ZipOptions.store] Sets the compression method to STORE."," */","","/**"," * ZipStream Module"," * @external ZipStream"," * @see {@link https://archiverjs.com/zip-stream/ZipStream.html}"," */"],"l":{"8":1,"9":1,"20":1,"21":0,"22":0,"25":0,"31":0,"35":0,"52":1,"53":0,"59":1,"60":0,"66":1,"67":0,"73":1,"74":0,"80":1,"81":0,"84":1}},"/home/travis/build/npmtest/node-npmtest-archiver/node_modules/archiver/lib/plugins/tar.js":{"path":"/home/travis/build/npmtest/node-npmtest-archiver/node_modules/archiver/lib/plugins/tar.js","s":{"1":1,"2":1,"3":1,"4":1,"5":0,"6":0,"7":0,"8":0,"9":0,"10":0,"11":0,"12":0,"13":0,"14":0,"15":0,"16":1,"17":0,"18":1,"19":0,"20":0,"21":1,"22":0,"23":0,"24":0,"25":0,"26":0,"27":0,"28":0,"29":0,"30":0,"31":0,"32":0,"33":0,"34":0,"35":0,"36":1,"37":0,"38":1,"39":0,"40":1,"41":0,"42":0,"43":0,"44":1,"45":0,"46":0,"47":0,"48":1},"b":{"1":[0,0],"2":[0,0],"3":[0,0],"4":[0,0],"5":[0,0],"6":[0,0],"7":[0,0],"8":[0,0],"9":[0,0],"10":[0,0]},"f":{"1":0,"2":0,"3":0,"4":0,"5":0,"6":0,"7":0,"8":0,"9":0,"10":0},"fnMap":{"1":{"name":"(anonymous_1)","line":17,"loc":{"start":{"line":17,"column":10},"end":{"line":17,"column":28}}},"2":{"name":"(anonymous_2)","line":50,"loc":{"start":{"line":50,"column":35},"end":{"line":50,"column":49}}},"3":{"name":"(anonymous_3)","line":62,"loc":{"start":{"line":62,"column":23},"end":{"line":62,"column":56}}},"4":{"name":"append","line":67,"loc":{"start":{"line":67,"column":2},"end":{"line":67,"column":37}}},"5":{"name":"(anonymous_5)","line":73,"loc":{"start":{"line":73,"column":42},"end":{"line":73,"column":56}}},"6":{"name":"(anonymous_6)","line":83,"loc":{"start":{"line":83,"column":40},"end":{"line":83,"column":54}}},"7":{"name":"(anonymous_7)","line":98,"loc":{"start":{"line":98,"column":25},"end":{"line":98,"column":36}}},"8":{"name":"(anonymous_8)","line":107,"loc":{"start":{"line":107,"column":19},"end":{"line":107,"column":30}}},"9":{"name":"(anonymous_9)","line":118,"loc":{"start":{"line":118,"column":21},"end":{"line":118,"column":52}}},"10":{"name":"(anonymous_10)","line":131,"loc":{"start":{"line":131,"column":23},"end":{"line":131,"column":34}}}},"statementMap":{"1":{"start":{"line":8,"column":0},"end":{"line":8,"column":27}},"2":{"start":{"line":10,"column":0},"end":{"line":10,"column":35}},"3":{"start":{"line":11,"column":0},"end":{"line":11,"column":37}},"4":{"start":{"line":17,"column":0},"end":{"line":41,"column":2}},"5":{"start":{"line":18,"column":2},"end":{"line":20,"column":3}},"6":{"start":{"line":19,"column":4},"end":{"line":19,"column":28}},"7":{"start":{"line":22,"column":2},"end":{"line":24,"column":5}},"8":{"start":{"line":26,"column":2},"end":{"line":28,"column":3}},"9":{"start":{"line":27,"column":4},"end":{"line":27,"column":29}},"10":{"start":{"line":30,"column":2},"end":{"line":32,"column":4}},"11":{"start":{"line":34,"column":2},"end":{"line":34,"column":37}},"12":{"start":{"line":35,"column":2},"end":{"line":35,"column":26}},"13":{"start":{"line":37,"column":2},"end":{"line":40,"column":3}},"14":{"start":{"line":38,"column":4},"end":{"line":38,"column":59}},"15":{"start":{"line":39,"column":4},"end":{"line":39,"column":68}},"16":{"start":{"line":50,"column":0},"end":{"line":52,"column":2}},"17":{"start":{"line":51,"column":2},"end":{"line":51,"column":33}},"18":{"start":{"line":62,"column":0},"end":{"line":91,"column":2}},"19":{"start":{"line":63,"column":2},"end":{"line":63,"column":18}},"20":{"start":{"line":65,"column":2},"end":{"line":65,"column":25}},"21":{"start":{"line":67,"column":2},"end":{"line":76,"column":3}},"22":{"start":{"line":68,"column":4},"end":{"line":71,"column":5}},"23":{"start":{"line":69,"column":6},"end":{"line":69,"column":20}},"24":{"start":{"line":70,"column":6},"end":{"line":70,"column":13}},"25":{"start":{"line":73,"column":4},"end":{"line":75,"column":7}},"26":{"start":{"line":74,"column":6},"end":{"line":74,"column":26}},"27":{"start":{"line":78,"column":2},"end":{"line":90,"column":3}},"28":{"start":{"line":79,"column":4},"end":{"line":79,"column":25}},"29":{"start":{"line":80,"column":9},"end":{"line":90,"column":3}},"30":{"start":{"line":81,"column":4},"end":{"line":81,"column":33}},"31":{"start":{"line":83,"column":4},"end":{"line":85,"column":7}},"32":{"start":{"line":84,"column":6},"end":{"line":84,"column":26}},"33":{"start":{"line":87,"column":4},"end":{"line":87,"column":23}},"34":{"start":{"line":88,"column":9},"end":{"line":90,"column":3}},"35":{"start":{"line":89,"column":4},"end":{"line":89,"column":39}},"36":{"start":{"line":98,"column":0},"end":{"line":100,"column":2}},"37":{"start":{"line":99,"column":2},"end":{"line":99,"column":25}},"38":{"start":{"line":107,"column":0},"end":{"line":109,"column":2}},"39":{"start":{"line":108,"column":2},"end":{"line":108,"column":54}},"40":{"start":{"line":118,"column":0},"end":{"line":124,"column":2}},"41":{"start":{"line":119,"column":2},"end":{"line":123,"column":3}},"42":{"start":{"line":120,"column":4},"end":{"line":120,"column":93}},"43":{"start":{"line":122,"column":4},"end":{"line":122,"column":58}},"44":{"start":{"line":131,"column":0},"end":{"line":137,"column":2}},"45":{"start":{"line":132,"column":2},"end":{"line":136,"column":3}},"46":{"start":{"line":133,"column":4},"end":{"line":133,"column":68}},"47":{"start":{"line":135,"column":4},"end":{"line":135,"column":60}},"48":{"start":{"line":139,"column":0},"end":{"line":139,"column":21}}},"branchMap":{"1":{"line":18,"type":"if","locations":[{"start":{"line":18,"column":2},"end":{"line":18,"column":2}},{"start":{"line":18,"column":2},"end":{"line":18,"column":2}}]},"2":{"line":26,"type":"if","locations":[{"start":{"line":26,"column":2},"end":{"line":26,"column":2}},{"start":{"line":26,"column":2},"end":{"line":26,"column":2}}]},"3":{"line":37,"type":"if","locations":[{"start":{"line":37,"column":2},"end":{"line":37,"column":2}},{"start":{"line":37,"column":2},"end":{"line":37,"column":2}}]},"4":{"line":68,"type":"if","locations":[{"start":{"line":68,"column":4},"end":{"line":68,"column":4}},{"start":{"line":68,"column":4},"end":{"line":68,"column":4}}]},"5":{"line":78,"type":"if","locations":[{"start":{"line":78,"column":2},"end":{"line":78,"column":2}},{"start":{"line":78,"column":2},"end":{"line":78,"column":2}}]},"6":{"line":80,"type":"if","locations":[{"start":{"line":80,"column":9},"end":{"line":80,"column":9}},{"start":{"line":80,"column":9},"end":{"line":80,"column":9}}]},"7":{"line":80,"type":"binary-expr","locations":[{"start":{"line":80,"column":13},"end":{"line":80,"column":41}},{"start":{"line":80,"column":45},"end":{"line":80,"column":56}}]},"8":{"line":88,"type":"if","locations":[{"start":{"line":88,"column":9},"end":{"line":88,"column":9}},{"start":{"line":88,"column":9},"end":{"line":88,"column":9}}]},"9":{"line":119,"type":"if","locations":[{"start":{"line":119,"column":2},"end":{"line":119,"column":2}},{"start":{"line":119,"column":2},"end":{"line":119,"column":2}}]},"10":{"line":132,"type":"if","locations":[{"start":{"line":132,"column":2},"end":{"line":132,"column":2}},{"start":{"line":132,"column":2},"end":{"line":132,"column":2}}]}},"code":["/**"," * TAR Format Plugin"," *"," * @module plugins/tar"," * @license [MIT]{@link https://github.com/archiverjs/node-archiver/blob/master/LICENSE}"," * @copyright (c) 2012-2014 Chris Talkington, contributors."," */","var zlib = require('zlib');","","var engine = require('tar-stream');","var util = require('archiver-utils');","","/**"," * @constructor"," * @param {TarOptions} options"," */","var Tar = function(options) {","  if (!(this instanceof Tar)) {","    return new Tar(options);","  }","","  options = this.options = util.defaults(options, {","    gzip: false","  });","","  if (typeof options.gzipOptions !== 'object') {","    options.gzipOptions = {};","  }","","  this.supports = {","    directory: true","  };","","  this.engine = engine.pack(options);","  this.compressor = false;","","  if (options.gzip) {","    this.compressor = zlib.createGzip(options.gzipOptions);","    this.compressor.on('error', this._onCompressorError.bind(this));","  }","};","","/**"," * [_onCompressorError description]"," *"," * @private"," * @param  {Error} err"," * @return void"," */","Tar.prototype._onCompressorError = function(err) {","  this.engine.emit('error', err);","};","","/**"," * [append description]"," *"," * @param  {(Buffer|Stream)} source"," * @param  {TarEntryData} data"," * @param  {Function} callback"," * @return void"," */","Tar.prototype.append = function(source, data, callback) {","  var self = this;","","  data.mtime = data.date;","","  function append(err, sourceBuffer) {","    if (err) {","      callback(err);","      return;","    }","","    self.engine.entry(data, sourceBuffer, function(err) {","      callback(err, data);","    });","  }","","  if (data.sourceType === 'buffer') {","    append(null, source);","  } else if (data.sourceType === 'stream' && data._stats) {","    data.size = data._stats.size;","","    var entry = self.engine.entry(data, function(err) {","      callback(err, data);","    });","","    source.pipe(entry);","  } else if (data.sourceType === 'stream') {","    util.collectStream(source, append);","  }","};","","/**"," * [finalize description]"," *"," * @return void"," */","Tar.prototype.finalize = function() {","  this.engine.finalize();","};","","/**"," * [on description]"," *"," * @return this.engine"," */","Tar.prototype.on = function() {","  return this.engine.on.apply(this.engine, arguments);","};","","/**"," * [pipe description]"," *"," * @param  {String} destination"," * @param  {Object} options"," * @return this.engine"," */","Tar.prototype.pipe = function(destination, options) {","  if (this.compressor) {","    return this.engine.pipe.apply(this.engine, [this.compressor]).pipe(destination, options);","  } else {","    return this.engine.pipe.apply(this.engine, arguments);","  }","};","","/**"," * [unpipe description]"," *"," * @return this.engine"," */","Tar.prototype.unpipe = function() {","  if (this.compressor) {","    return this.compressor.unpipe.apply(this.compressor, arguments);","  } else {","    return this.engine.unpipe.apply(this.engine, arguments);","  }","};","","module.exports = Tar;","","/**"," * @typedef {Object} TarOptions"," * @global"," * @property {Boolean} [gzip=false] Compress the tar archive using gzip."," * @property {Object} [gzipOptions] Passed to [zlib]{@link https://nodejs.org/api/zlib.html#zlib_class_options}"," * to control compression."," * @property {*} [*] See [tar-stream]{@link https://github.com/mafintosh/tar-stream} documentation for additional properties."," */","","/**"," * @typedef {Object} TarEntryData"," * @global"," * @property {String} name Sets the entry name including internal path."," * @property {(String|Date)} [date=NOW()] Sets the entry date."," * @property {Number} [mode=D:0755/F:0644] Sets the entry permissions."," * @property {String} [prefix] Sets a path prefix for the entry name. Useful"," * when working with methods like `directory` or `glob`."," * @property {fs.Stats} [stats] Sets the fs stat data for this entry allowing"," * for reduction of fs stat calls when stat data is already known."," */","","/**"," * TarStream Module"," * @external TarStream"," * @see {@link https://github.com/mafintosh/tar-stream}"," */"],"l":{"8":1,"10":1,"11":1,"17":1,"18":0,"19":0,"22":0,"26":0,"27":0,"30":0,"34":0,"35":0,"37":0,"38":0,"39":0,"50":1,"51":0,"62":1,"63":0,"65":0,"67":1,"68":0,"69":0,"70":0,"73":0,"74":0,"78":0,"79":0,"80":0,"81":0,"83":0,"84":0,"87":0,"88":0,"89":0,"98":1,"99":0,"107":1,"108":0,"118":1,"119":0,"120":0,"122":0,"131":1,"132":0,"133":0,"135":0,"139":1}},"/home/travis/build/npmtest/node-npmtest-archiver/node_modules/archiver/lib/plugins/json.js":{"path":"/home/travis/build/npmtest/node-npmtest-archiver/node_modules/archiver/lib/plugins/json.js","s":{"1":1,"2":1,"3":1,"4":1,"5":1,"6":0,"7":0,"8":0,"9":0,"10":0,"11":0,"12":1,"13":1,"14":0,"15":1,"16":0,"17":0,"18":1,"19":0,"20":0,"21":1,"22":0,"23":0,"24":0,"25":0,"26":0,"27":0,"28":0,"29":0,"30":0,"31":0,"32":0,"33":1,"34":0,"35":0,"36":1},"b":{"1":[0,0],"2":[0,0],"3":[0,0],"4":[0,0],"5":[0,0]},"f":{"1":0,"2":0,"3":0,"4":0,"5":0,"6":0},"fnMap":{"1":{"name":"(anonymous_1)","line":18,"loc":{"start":{"line":18,"column":11},"end":{"line":18,"column":29}}},"2":{"name":"(anonymous_2)","line":45,"loc":{"start":{"line":45,"column":28},"end":{"line":45,"column":64}}},"3":{"name":"(anonymous_3)","line":55,"loc":{"start":{"line":55,"column":35},"end":{"line":55,"column":46}}},"4":{"name":"(anonymous_4)","line":68,"loc":{"start":{"line":68,"column":24},"end":{"line":68,"column":57}}},"5":{"name":"onend","line":73,"loc":{"start":{"line":73,"column":2},"end":{"line":73,"column":36}}},"6":{"name":"(anonymous_6)","line":99,"loc":{"start":{"line":99,"column":26},"end":{"line":99,"column":37}}}},"statementMap":{"1":{"start":{"line":8,"column":0},"end":{"line":8,"column":40}},"2":{"start":{"line":9,"column":0},"end":{"line":9,"column":53}},"3":{"start":{"line":11,"column":0},"end":{"line":11,"column":36}},"4":{"start":{"line":12,"column":0},"end":{"line":12,"column":37}},"5":{"start":{"line":18,"column":0},"end":{"line":32,"column":2}},"6":{"start":{"line":19,"column":2},"end":{"line":21,"column":3}},"7":{"start":{"line":20,"column":4},"end":{"line":20,"column":29}},"8":{"start":{"line":23,"column":2},"end":{"line":23,"column":54}},"9":{"start":{"line":25,"column":2},"end":{"line":25,"column":32}},"10":{"start":{"line":27,"column":2},"end":{"line":29,"column":4}},"11":{"start":{"line":31,"column":2},"end":{"line":31,"column":18}},"12":{"start":{"line":34,"column":0},"end":{"line":34,"column":26}},"13":{"start":{"line":45,"column":0},"end":{"line":47,"column":2}},"14":{"start":{"line":46,"column":2},"end":{"line":46,"column":24}},"15":{"start":{"line":55,"column":0},"end":{"line":58,"column":2}},"16":{"start":{"line":56,"column":2},"end":{"line":56,"column":46}},"17":{"start":{"line":57,"column":2},"end":{"line":57,"column":25}},"18":{"start":{"line":68,"column":0},"end":{"line":92,"column":2}},"19":{"start":{"line":69,"column":2},"end":{"line":69,"column":18}},"20":{"start":{"line":71,"column":2},"end":{"line":71,"column":17}},"21":{"start":{"line":73,"column":2},"end":{"line":85,"column":3}},"22":{"start":{"line":74,"column":4},"end":{"line":77,"column":5}},"23":{"start":{"line":75,"column":6},"end":{"line":75,"column":20}},"24":{"start":{"line":76,"column":6},"end":{"line":76,"column":13}},"25":{"start":{"line":79,"column":4},"end":{"line":79,"column":41}},"26":{"start":{"line":80,"column":4},"end":{"line":80,"column":46}},"27":{"start":{"line":82,"column":4},"end":{"line":82,"column":26}},"28":{"start":{"line":84,"column":4},"end":{"line":84,"column":25}},"29":{"start":{"line":87,"column":2},"end":{"line":91,"column":3}},"30":{"start":{"line":88,"column":4},"end":{"line":88,"column":24}},"31":{"start":{"line":89,"column":9},"end":{"line":91,"column":3}},"32":{"start":{"line":90,"column":4},"end":{"line":90,"column":38}},"33":{"start":{"line":99,"column":0},"end":{"line":102,"column":2}},"34":{"start":{"line":100,"column":2},"end":{"line":100,"column":27}},"35":{"start":{"line":101,"column":2},"end":{"line":101,"column":13}},"36":{"start":{"line":104,"column":0},"end":{"line":104,"column":22}}},"branchMap":{"1":{"line":19,"type":"if","locations":[{"start":{"line":19,"column":2},"end":{"line":19,"column":2}},{"start":{"line":19,"column":2},"end":{"line":19,"column":2}}]},"2":{"line":74,"type":"if","locations":[{"start":{"line":74,"column":4},"end":{"line":74,"column":4}},{"start":{"line":74,"column":4},"end":{"line":74,"column":4}}]},"3":{"line":79,"type":"binary-expr","locations":[{"start":{"line":79,"column":16},"end":{"line":79,"column":35}},{"start":{"line":79,"column":39},"end":{"line":79,"column":40}}]},"4":{"line":87,"type":"if","locations":[{"start":{"line":87,"column":2},"end":{"line":87,"column":2}},{"start":{"line":87,"column":2},"end":{"line":87,"column":2}}]},"5":{"line":89,"type":"if","locations":[{"start":{"line":89,"column":9},"end":{"line":89,"column":9}},{"start":{"line":89,"column":9},"end":{"line":89,"column":9}}]}},"code":["/**"," * JSON Format Plugin"," *"," * @module plugins/json"," * @license [MIT]{@link https://github.com/archiverjs/node-archiver/blob/master/LICENSE}"," * @copyright (c) 2012-2014 Chris Talkington, contributors."," */","var inherits = require('util').inherits;","var Transform = require('readable-stream').Transform;","","var crc32 = require('buffer-crc32');","var util = require('archiver-utils');","","/**"," * @constructor"," * @param {(JsonOptions|TransformOptions)} options"," */","var Json = function(options) {","  if (!(this instanceof Json)) {","    return new Json(options);","  }","","  options = this.options = util.defaults(options, {});","","  Transform.call(this, options);","","  this.supports = {","    directory: true","  };","","  this.files = [];","};","","inherits(Json, Transform);","","/**"," * [_transform description]"," *"," * @private"," * @param  {Buffer}   chunk"," * @param  {String}   encoding"," * @param  {Function} callback"," * @return void"," */","Json.prototype._transform = function(chunk, encoding, callback) {","  callback(null, chunk);","};","","/**"," * [_writeStringified description]"," *"," * @private"," * @return void"," */","Json.prototype._writeStringified = function() {","  var fileString = JSON.stringify(this.files);","  this.write(fileString);","};","","/**"," * [append description]"," *"," * @param  {(Buffer|Stream)}   source"," * @param  {EntryData}   data"," * @param  {Function} callback"," * @return void"," */","Json.prototype.append = function(source, data, callback) {","  var self = this;","","  data.crc32 = 0;","","  function onend(err, sourceBuffer) {","    if (err) {","      callback(err);","      return;","    }","","    data.size = sourceBuffer.length || 0;","    data.crc32 = crc32.unsigned(sourceBuffer);","","    self.files.push(data);","","    callback(null, data);","  }","","  if (data.sourceType === 'buffer') {","    onend(null, source);","  } else if (data.sourceType === 'stream') {","    util.collectStream(source, onend);","  }","};","","/**"," * [finalize description]"," *"," * @return void"," */","Json.prototype.finalize = function() {","  this._writeStringified();","  this.end();","};","","module.exports = Json;","","/**"," * @typedef {Object} JsonOptions"," * @global"," */"],"l":{"8":1,"9":1,"11":1,"12":1,"18":1,"19":0,"20":0,"23":0,"25":0,"27":0,"31":0,"34":1,"45":1,"46":0,"55":1,"56":0,"57":0,"68":1,"69":0,"71":0,"73":1,"74":0,"75":0,"76":0,"79":0,"80":0,"82":0,"84":0,"87":0,"88":0,"89":0,"90":0,"99":1,"100":0,"101":0,"104":1}}}